<?xml version="1.0" encoding="UTF-8"?>
<testsuite xmlns:xsi="http://www.w3.org/2001/XMLSchema-instance" xsi:noNamespaceSchemaLocation="https://maven.apache.org/surefire/maven-surefire-plugin/xsd/surefire-test-report.xsd" version="3.0.2" name="hellocucumber.RunCucumberTest" time="1.28" tests="35" errors="34" skipped="0" failures="0">
  <properties>
[...]
</properties>
  <testcase name="agregation des données dans la table budget - Ouverture d’un fichier selon son état - Examples - Example #1.1" classname="RunCucumberTest" time="0.205">
    <error message="The step &apos;les fichiers suivants sont disponibles dans le répertoire d&apos;entrée&apos; and 4 other step(s) are undefined.&#10;You can implement these steps using the snippet(s) below:&#10;&#10;@Given(&quot;les fichiers suivants sont disponibles dans le répertoire d&apos;entrée&quot;)&#10;public void les_fichiers_suivants_sont_disponibles_dans_le_répertoire_d_entrée(io.cucumber.datatable.DataTable dataTable) {&#10;    // Write code here that turns the phrase above into concrete actions&#10;    // For automatic transformation, change DataTable to one of&#10;    // E, List&lt;E&gt;, List&lt;List&lt;E&gt;&gt;, List&lt;Map&lt;K,V&gt;&gt;, Map&lt;K,V&gt; or&#10;    // Map&lt;K, List&lt;V&gt;&gt;. E,K,V must be a String, Integer, Float,&#10;    // Double, Byte, Short, Long, BigInteger or BigDecimal.&#10;    //&#10;    // For other transformations you can register a DataTableType.&#10;    throw new io.cucumber.java.PendingException();&#10;}&#10;@Given(&quot;Données disponibles dans la base de Données&quot;)&#10;public void données_disponibles_dans_la_base_de_données(io.cucumber.datatable.DataTable dataTable) {&#10;    // Write code here that turns the phrase above into concrete actions&#10;    // For automatic transformation, change DataTable to one of&#10;    // E, List&lt;E&gt;, List&lt;List&lt;E&gt;&gt;, List&lt;Map&lt;K,V&gt;&gt;, Map&lt;K,V&gt; or&#10;    // Map&lt;K, List&lt;V&gt;&gt;. E,K,V must be a String, Integer, Float,&#10;    // Double, Byte, Short, Long, BigInteger or BigDecimal.&#10;    //&#10;    // For other transformations you can register a DataTableType.&#10;    throw new io.cucumber.java.PendingException();&#10;}&#10;@Given(&quot;Un fichier avec le chemin {string} et donc l&apos;etat est {string}&quot;)&#10;public void un_fichier_avec_le_chemin_et_donc_l_etat_est(String string, String string2) {&#10;    // Write code here that turns the phrase above into concrete actions&#10;    throw new io.cucumber.java.PendingException();&#10;}&#10;@When(&quot;Je tente d&apos;ouvrir le fichier&quot;)&#10;public void je_tente_d_ouvrir_le_fichier() {&#10;    // Write code here that turns the phrase above into concrete actions&#10;    throw new io.cucumber.java.PendingException();&#10;}&#10;@Then(&quot;Le système doit afficher {string}&quot;)&#10;public void le_système_doit_afficher(String string) {&#10;    // Write code here that turns the phrase above into concrete actions&#10;    throw new io.cucumber.java.PendingException();&#10;}&#10;" type="io.cucumber.junit.platform.engine.UndefinedStepException"><![CDATA[io.cucumber.junit.platform.engine.UndefinedStepException: 
The step 'les fichiers suivants sont disponibles dans le répertoire d'entrée' and 4 other step(s) are undefined.
You can implement these steps using the snippet(s) below:

@Given("les fichiers suivants sont disponibles dans le répertoire d'entrée")
public void les_fichiers_suivants_sont_disponibles_dans_le_répertoire_d_entrée(io.cucumber.datatable.DataTable dataTable) {
    // Write code here that turns the phrase above into concrete actions
    // For automatic transformation, change DataTable to one of
    // E, List<E>, List<List<E>>, List<Map<K,V>>, Map<K,V> or
    // Map<K, List<V>>. E,K,V must be a String, Integer, Float,
    // Double, Byte, Short, Long, BigInteger or BigDecimal.
    //
    // For other transformations you can register a DataTableType.
    throw new io.cucumber.java.PendingException();
}
@Given("Données disponibles dans la base de Données")
public void données_disponibles_dans_la_base_de_données(io.cucumber.datatable.DataTable dataTable) {
    // Write code here that turns the phrase above into concrete actions
    // For automatic transformation, change DataTable to one of
    // E, List<E>, List<List<E>>, List<Map<K,V>>, Map<K,V> or
    // Map<K, List<V>>. E,K,V must be a String, Integer, Float,
    // Double, Byte, Short, Long, BigInteger or BigDecimal.
    //
    // For other transformations you can register a DataTableType.
    throw new io.cucumber.java.PendingException();
}
@Given("Un fichier avec le chemin {string} et donc l'etat est {string}")
public void un_fichier_avec_le_chemin_et_donc_l_etat_est(String string, String string2) {
    // Write code here that turns the phrase above into concrete actions
    throw new io.cucumber.java.PendingException();
}
@When("Je tente d'ouvrir le fichier")
public void je_tente_d_ouvrir_le_fichier() {
    // Write code here that turns the phrase above into concrete actions
    throw new io.cucumber.java.PendingException();
}
@Then("Le système doit afficher {string}")
public void le_système_doit_afficher(String string) {
    // Write code here that turns the phrase above into concrete actions
    throw new io.cucumber.java.PendingException();
}

	at ✽.les fichiers suivants sont disponibles dans le répertoire d'entrée(classpath:hellocucumber/bdd/agregationDesDonnees.feature:7)
]]></error>
    <system-out><![CDATA[
&amp#27;[1mScenario Outline:&amp#27;[22m Ouverture d’un fichier selon son état                                                                            &amp#27;[90m# classpath:hellocucumber/bdd/agregationDesDonnees.feature:30&amp#27;[39m
  &amp#27;[33m■&amp#27;[39m &amp#27;[33m&amp#27;[1mGiven &amp#27;[22mles fichiers suivants sont disponibles dans le répertoire d'entrée&amp#27;[39m
      | fichier                                                                                       |
      | src/test/resources/hellocucumber/fichier/CA20250820_115728.csv                                |
      | src/test/resources/hellocucumber/fichier/T_cpte_00737_691594V_du_22-05-2025_au_19-08-2025.csv |
      | src/test/resources/hellocucumber/fichier/T_cpte_01047_058113K_du_22-05-2025_au_19-08-2025.csv |
      | src/test/resources/hellocucumber/fichier/T_cpte_01049_911662L_du_22-05-2025_au_19-08-2025.csv |
  &amp#27;[36m↷&amp#27;[39m &amp#27;[36m&amp#27;[1mAnd &amp#27;[22mDonnées disponibles dans la base de Données&amp#27;[39m
      | id | comment           | title                     | type  | bank_id |
      | 1  | cpt courent       | CCHQ (X1797)              | depot | 2       |
      | 2  | cpt courent       | Compte de dépôts (X1594V) | depot | 3       |
      | 3  | cpt courent femme | compte de depot (X8113K)  | depot | 4       |
      | 4  | cpt pro me lcl    | Compte Courant (x1662L)   | depot | 5       |
  &amp#27;[36m↷&amp#27;[39m &amp#27;[36m&amp#27;[1mGiven &amp#27;[22mUn fichier avec le chemin "src/test/resources/hellocucumber/fichier/CA20250820_115728.csv" et donc l'etat est "existant"&amp#27;[39m
  &amp#27;[36m↷&amp#27;[39m &amp#27;[36m&amp#27;[1mWhen &amp#27;[22mJe tente d'ouvrir le fichier&amp#27;[39m
  &amp#27;[36m↷&amp#27;[39m &amp#27;[36m&amp#27;[1mThen &amp#27;[22mLe système doit afficher "fichier ouvert avec succès"&amp#27;[39m
]]></system-out>
  </testcase>
  <testcase name="agregation des données dans la table budget - Ouverture d’un fichier selon son état - Examples - Example #1.2" classname="RunCucumberTest" time="0.018">
    <error message="The step &apos;les fichiers suivants sont disponibles dans le répertoire d&apos;entrée&apos; and 4 other step(s) are undefined.&#10;You can implement these steps using the snippet(s) below:&#10;&#10;@Given(&quot;les fichiers suivants sont disponibles dans le répertoire d&apos;entrée&quot;)&#10;public void les_fichiers_suivants_sont_disponibles_dans_le_répertoire_d_entrée(io.cucumber.datatable.DataTable dataTable) {&#10;    // Write code here that turns the phrase above into concrete actions&#10;    // For automatic transformation, change DataTable to one of&#10;    // E, List&lt;E&gt;, List&lt;List&lt;E&gt;&gt;, List&lt;Map&lt;K,V&gt;&gt;, Map&lt;K,V&gt; or&#10;    // Map&lt;K, List&lt;V&gt;&gt;. E,K,V must be a String, Integer, Float,&#10;    // Double, Byte, Short, Long, BigInteger or BigDecimal.&#10;    //&#10;    // For other transformations you can register a DataTableType.&#10;    throw new io.cucumber.java.PendingException();&#10;}&#10;@Given(&quot;Données disponibles dans la base de Données&quot;)&#10;public void données_disponibles_dans_la_base_de_données(io.cucumber.datatable.DataTable dataTable) {&#10;    // Write code here that turns the phrase above into concrete actions&#10;    // For automatic transformation, change DataTable to one of&#10;    // E, List&lt;E&gt;, List&lt;List&lt;E&gt;&gt;, List&lt;Map&lt;K,V&gt;&gt;, Map&lt;K,V&gt; or&#10;    // Map&lt;K, List&lt;V&gt;&gt;. E,K,V must be a String, Integer, Float,&#10;    // Double, Byte, Short, Long, BigInteger or BigDecimal.&#10;    //&#10;    // For other transformations you can register a DataTableType.&#10;    throw new io.cucumber.java.PendingException();&#10;}&#10;@Given(&quot;Un fichier avec le chemin {string} et donc l&apos;etat est {string}&quot;)&#10;public void un_fichier_avec_le_chemin_et_donc_l_etat_est(String string, String string2) {&#10;    // Write code here that turns the phrase above into concrete actions&#10;    throw new io.cucumber.java.PendingException();&#10;}&#10;@When(&quot;Je tente d&apos;ouvrir le fichier&quot;)&#10;public void je_tente_d_ouvrir_le_fichier() {&#10;    // Write code here that turns the phrase above into concrete actions&#10;    throw new io.cucumber.java.PendingException();&#10;}&#10;@Then(&quot;Le système doit afficher \&quot;une erreur \&quot;fichier introuvable\&quot; doit être remontée\&quot;&quot;)&#10;public void le_système_doit_afficher_une_erreur_fichier_introuvable_doit_être_remontée() {&#10;    // Write code here that turns the phrase above into concrete actions&#10;    throw new io.cucumber.java.PendingException();&#10;}&#10;" type="io.cucumber.junit.platform.engine.UndefinedStepException"><![CDATA[io.cucumber.junit.platform.engine.UndefinedStepException: 
The step 'les fichiers suivants sont disponibles dans le répertoire d'entrée' and 4 other step(s) are undefined.
You can implement these steps using the snippet(s) below:

@Given("les fichiers suivants sont disponibles dans le répertoire d'entrée")
public void les_fichiers_suivants_sont_disponibles_dans_le_répertoire_d_entrée(io.cucumber.datatable.DataTable dataTable) {
    // Write code here that turns the phrase above into concrete actions
    // For automatic transformation, change DataTable to one of
    // E, List<E>, List<List<E>>, List<Map<K,V>>, Map<K,V> or
    // Map<K, List<V>>. E,K,V must be a String, Integer, Float,
    // Double, Byte, Short, Long, BigInteger or BigDecimal.
    //
    // For other transformations you can register a DataTableType.
    throw new io.cucumber.java.PendingException();
}
@Given("Données disponibles dans la base de Données")
public void données_disponibles_dans_la_base_de_données(io.cucumber.datatable.DataTable dataTable) {
    // Write code here that turns the phrase above into concrete actions
    // For automatic transformation, change DataTable to one of
    // E, List<E>, List<List<E>>, List<Map<K,V>>, Map<K,V> or
    // Map<K, List<V>>. E,K,V must be a String, Integer, Float,
    // Double, Byte, Short, Long, BigInteger or BigDecimal.
    //
    // For other transformations you can register a DataTableType.
    throw new io.cucumber.java.PendingException();
}
@Given("Un fichier avec le chemin {string} et donc l'etat est {string}")
public void un_fichier_avec_le_chemin_et_donc_l_etat_est(String string, String string2) {
    // Write code here that turns the phrase above into concrete actions
    throw new io.cucumber.java.PendingException();
}
@When("Je tente d'ouvrir le fichier")
public void je_tente_d_ouvrir_le_fichier() {
    // Write code here that turns the phrase above into concrete actions
    throw new io.cucumber.java.PendingException();
}
@Then("Le système doit afficher \"une erreur \"fichier introuvable\" doit être remontée\"")
public void le_système_doit_afficher_une_erreur_fichier_introuvable_doit_être_remontée() {
    // Write code here that turns the phrase above into concrete actions
    throw new io.cucumber.java.PendingException();
}

	at ✽.les fichiers suivants sont disponibles dans le répertoire d'entrée(classpath:hellocucumber/bdd/agregationDesDonnees.feature:7)
]]></error>
    <system-out><![CDATA[
&amp#27;[1mScenario Outline:&amp#27;[22m Ouverture d’un fichier selon son état                                                     &amp#27;[90m# classpath:hellocucumber/bdd/agregationDesDonnees.feature:31&amp#27;[39m
  &amp#27;[33m■&amp#27;[39m &amp#27;[33m&amp#27;[1mGiven &amp#27;[22mles fichiers suivants sont disponibles dans le répertoire d'entrée&amp#27;[39m
      | fichier                                                                                       |
      | src/test/resources/hellocucumber/fichier/CA20250820_115728.csv                                |
      | src/test/resources/hellocucumber/fichier/T_cpte_00737_691594V_du_22-05-2025_au_19-08-2025.csv |
      | src/test/resources/hellocucumber/fichier/T_cpte_01047_058113K_du_22-05-2025_au_19-08-2025.csv |
      | src/test/resources/hellocucumber/fichier/T_cpte_01049_911662L_du_22-05-2025_au_19-08-2025.csv |
  &amp#27;[36m↷&amp#27;[39m &amp#27;[36m&amp#27;[1mAnd &amp#27;[22mDonnées disponibles dans la base de Données&amp#27;[39m
      | id | comment           | title                     | type  | bank_id |
      | 1  | cpt courent       | CCHQ (X1797)              | depot | 2       |
      | 2  | cpt courent       | Compte de dépôts (X1594V) | depot | 3       |
      | 3  | cpt courent femme | compte de depot (X8113K)  | depot | 4       |
      | 4  | cpt pro me lcl    | Compte Courant (x1662L)   | depot | 5       |
  &amp#27;[36m↷&amp#27;[39m &amp#27;[36m&amp#27;[1mGiven &amp#27;[22mUn fichier avec le chemin "src/test/resources/fichier/!#@!@LCL.csv" et donc l'etat est "manquant"&amp#27;[39m
  &amp#27;[36m↷&amp#27;[39m &amp#27;[36m&amp#27;[1mWhen &amp#27;[22mJe tente d'ouvrir le fichier&amp#27;[39m
  &amp#27;[36m↷&amp#27;[39m &amp#27;[36m&amp#27;[1mThen &amp#27;[22mLe système doit afficher "une erreur "fichier introuvable" doit être remontée"&amp#27;[39m
]]></system-out>
  </testcase>
  <testcase name="agregation des données dans la table budget - Ouverture d’un fichier selon son état - Examples - Example #1.3" classname="RunCucumberTest" time="0.017">
    <error message="The step &apos;les fichiers suivants sont disponibles dans le répertoire d&apos;entrée&apos; and 4 other step(s) are undefined.&#10;You can implement these steps using the snippet(s) below:&#10;&#10;@Given(&quot;les fichiers suivants sont disponibles dans le répertoire d&apos;entrée&quot;)&#10;public void les_fichiers_suivants_sont_disponibles_dans_le_répertoire_d_entrée(io.cucumber.datatable.DataTable dataTable) {&#10;    // Write code here that turns the phrase above into concrete actions&#10;    // For automatic transformation, change DataTable to one of&#10;    // E, List&lt;E&gt;, List&lt;List&lt;E&gt;&gt;, List&lt;Map&lt;K,V&gt;&gt;, Map&lt;K,V&gt; or&#10;    // Map&lt;K, List&lt;V&gt;&gt;. E,K,V must be a String, Integer, Float,&#10;    // Double, Byte, Short, Long, BigInteger or BigDecimal.&#10;    //&#10;    // For other transformations you can register a DataTableType.&#10;    throw new io.cucumber.java.PendingException();&#10;}&#10;@Given(&quot;Données disponibles dans la base de Données&quot;)&#10;public void données_disponibles_dans_la_base_de_données(io.cucumber.datatable.DataTable dataTable) {&#10;    // Write code here that turns the phrase above into concrete actions&#10;    // For automatic transformation, change DataTable to one of&#10;    // E, List&lt;E&gt;, List&lt;List&lt;E&gt;&gt;, List&lt;Map&lt;K,V&gt;&gt;, Map&lt;K,V&gt; or&#10;    // Map&lt;K, List&lt;V&gt;&gt;. E,K,V must be a String, Integer, Float,&#10;    // Double, Byte, Short, Long, BigInteger or BigDecimal.&#10;    //&#10;    // For other transformations you can register a DataTableType.&#10;    throw new io.cucumber.java.PendingException();&#10;}&#10;@Given(&quot;Un fichier avec le chemin {string} et donc l&apos;etat est {string}&quot;)&#10;public void un_fichier_avec_le_chemin_et_donc_l_etat_est(String string, String string2) {&#10;    // Write code here that turns the phrase above into concrete actions&#10;    throw new io.cucumber.java.PendingException();&#10;}&#10;@When(&quot;Je tente d&apos;ouvrir le fichier&quot;)&#10;public void je_tente_d_ouvrir_le_fichier() {&#10;    // Write code here that turns the phrase above into concrete actions&#10;    throw new io.cucumber.java.PendingException();&#10;}&#10;@Then(&quot;Le système doit afficher \&quot;une erreur \&quot;chemin invalide\&quot; doit être remontée\&quot;&quot;)&#10;public void le_système_doit_afficher_une_erreur_chemin_invalide_doit_être_remontée() {&#10;    // Write code here that turns the phrase above into concrete actions&#10;    throw new io.cucumber.java.PendingException();&#10;}&#10;" type="io.cucumber.junit.platform.engine.UndefinedStepException"><![CDATA[io.cucumber.junit.platform.engine.UndefinedStepException: 
The step 'les fichiers suivants sont disponibles dans le répertoire d'entrée' and 4 other step(s) are undefined.
You can implement these steps using the snippet(s) below:

@Given("les fichiers suivants sont disponibles dans le répertoire d'entrée")
public void les_fichiers_suivants_sont_disponibles_dans_le_répertoire_d_entrée(io.cucumber.datatable.DataTable dataTable) {
    // Write code here that turns the phrase above into concrete actions
    // For automatic transformation, change DataTable to one of
    // E, List<E>, List<List<E>>, List<Map<K,V>>, Map<K,V> or
    // Map<K, List<V>>. E,K,V must be a String, Integer, Float,
    // Double, Byte, Short, Long, BigInteger or BigDecimal.
    //
    // For other transformations you can register a DataTableType.
    throw new io.cucumber.java.PendingException();
}
@Given("Données disponibles dans la base de Données")
public void données_disponibles_dans_la_base_de_données(io.cucumber.datatable.DataTable dataTable) {
    // Write code here that turns the phrase above into concrete actions
    // For automatic transformation, change DataTable to one of
    // E, List<E>, List<List<E>>, List<Map<K,V>>, Map<K,V> or
    // Map<K, List<V>>. E,K,V must be a String, Integer, Float,
    // Double, Byte, Short, Long, BigInteger or BigDecimal.
    //
    // For other transformations you can register a DataTableType.
    throw new io.cucumber.java.PendingException();
}
@Given("Un fichier avec le chemin {string} et donc l'etat est {string}")
public void un_fichier_avec_le_chemin_et_donc_l_etat_est(String string, String string2) {
    // Write code here that turns the phrase above into concrete actions
    throw new io.cucumber.java.PendingException();
}
@When("Je tente d'ouvrir le fichier")
public void je_tente_d_ouvrir_le_fichier() {
    // Write code here that turns the phrase above into concrete actions
    throw new io.cucumber.java.PendingException();
}
@Then("Le système doit afficher \"une erreur \"chemin invalide\" doit être remontée\"")
public void le_système_doit_afficher_une_erreur_chemin_invalide_doit_être_remontée() {
    // Write code here that turns the phrase above into concrete actions
    throw new io.cucumber.java.PendingException();
}

	at ✽.les fichiers suivants sont disponibles dans le répertoire d'entrée(classpath:hellocucumber/bdd/agregationDesDonnees.feature:7)
]]></error>
    <system-out><![CDATA[
&amp#27;[1mScenario Outline:&amp#27;[22m Ouverture d’un fichier selon son état                                        &amp#27;[90m# classpath:hellocucumber/bdd/agregationDesDonnees.feature:32&amp#27;[39m
  &amp#27;[33m■&amp#27;[39m &amp#27;[33m&amp#27;[1mGiven &amp#27;[22mles fichiers suivants sont disponibles dans le répertoire d'entrée&amp#27;[39m
      | fichier                                                                                       |
      | src/test/resources/hellocucumber/fichier/CA20250820_115728.csv                                |
      | src/test/resources/hellocucumber/fichier/T_cpte_00737_691594V_du_22-05-2025_au_19-08-2025.csv |
      | src/test/resources/hellocucumber/fichier/T_cpte_01047_058113K_du_22-05-2025_au_19-08-2025.csv |
      | src/test/resources/hellocucumber/fichier/T_cpte_01049_911662L_du_22-05-2025_au_19-08-2025.csv |
  &amp#27;[36m↷&amp#27;[39m &amp#27;[36m&amp#27;[1mAnd &amp#27;[22mDonnées disponibles dans la base de Données&amp#27;[39m
      | id | comment           | title                     | type  | bank_id |
      | 1  | cpt courent       | CCHQ (X1797)              | depot | 2       |
      | 2  | cpt courent       | Compte de dépôts (X1594V) | depot | 3       |
      | 3  | cpt courent femme | compte de depot (X8113K)  | depot | 4       |
      | 4  | cpt pro me lcl    | Compte Courant (x1662L)   | depot | 5       |
  &amp#27;[36m↷&amp#27;[39m &amp#27;[36m&amp#27;[1mGiven &amp#27;[22mUn fichier avec le chemin "!@!*&?*?invalid.csv" et donc l'etat est "chemin invalide"&amp#27;[39m
  &amp#27;[36m↷&amp#27;[39m &amp#27;[36m&amp#27;[1mWhen &amp#27;[22mJe tente d'ouvrir le fichier&amp#27;[39m
  &amp#27;[36m↷&amp#27;[39m &amp#27;[36m&amp#27;[1mThen &amp#27;[22mLe système doit afficher "une erreur "chemin invalide" doit être remontée"&amp#27;[39m
]]></system-out>
  </testcase>
  <testcase name="agregation des données dans la table budget - Ouverture d’un fichier selon son état - Examples - Example #1.4" classname="RunCucumberTest" time="0.018">
    <error message="The step &apos;les fichiers suivants sont disponibles dans le répertoire d&apos;entrée&apos; and 4 other step(s) are undefined.&#10;You can implement these steps using the snippet(s) below:&#10;&#10;@Given(&quot;les fichiers suivants sont disponibles dans le répertoire d&apos;entrée&quot;)&#10;public void les_fichiers_suivants_sont_disponibles_dans_le_répertoire_d_entrée(io.cucumber.datatable.DataTable dataTable) {&#10;    // Write code here that turns the phrase above into concrete actions&#10;    // For automatic transformation, change DataTable to one of&#10;    // E, List&lt;E&gt;, List&lt;List&lt;E&gt;&gt;, List&lt;Map&lt;K,V&gt;&gt;, Map&lt;K,V&gt; or&#10;    // Map&lt;K, List&lt;V&gt;&gt;. E,K,V must be a String, Integer, Float,&#10;    // Double, Byte, Short, Long, BigInteger or BigDecimal.&#10;    //&#10;    // For other transformations you can register a DataTableType.&#10;    throw new io.cucumber.java.PendingException();&#10;}&#10;@Given(&quot;Données disponibles dans la base de Données&quot;)&#10;public void données_disponibles_dans_la_base_de_données(io.cucumber.datatable.DataTable dataTable) {&#10;    // Write code here that turns the phrase above into concrete actions&#10;    // For automatic transformation, change DataTable to one of&#10;    // E, List&lt;E&gt;, List&lt;List&lt;E&gt;&gt;, List&lt;Map&lt;K,V&gt;&gt;, Map&lt;K,V&gt; or&#10;    // Map&lt;K, List&lt;V&gt;&gt;. E,K,V must be a String, Integer, Float,&#10;    // Double, Byte, Short, Long, BigInteger or BigDecimal.&#10;    //&#10;    // For other transformations you can register a DataTableType.&#10;    throw new io.cucumber.java.PendingException();&#10;}&#10;@Given(&quot;Un fichier avec le chemin {string} et donc l&apos;etat est {string}&quot;)&#10;public void un_fichier_avec_le_chemin_et_donc_l_etat_est(String string, String string2) {&#10;    // Write code here that turns the phrase above into concrete actions&#10;    throw new io.cucumber.java.PendingException();&#10;}&#10;@When(&quot;Je tente d&apos;ouvrir le fichier&quot;)&#10;public void je_tente_d_ouvrir_le_fichier() {&#10;    // Write code here that turns the phrase above into concrete actions&#10;    throw new io.cucumber.java.PendingException();&#10;}&#10;@Then(&quot;Le système doit afficher \&quot;une erreur \&quot;permission de lecture refusée\&quot; doit être remontée\&quot;&quot;)&#10;public void le_système_doit_afficher_une_erreur_permission_de_lecture_refusée_doit_être_remontée() {&#10;    // Write code here that turns the phrase above into concrete actions&#10;    throw new io.cucumber.java.PendingException();&#10;}&#10;" type="io.cucumber.junit.platform.engine.UndefinedStepException"><![CDATA[io.cucumber.junit.platform.engine.UndefinedStepException: 
The step 'les fichiers suivants sont disponibles dans le répertoire d'entrée' and 4 other step(s) are undefined.
You can implement these steps using the snippet(s) below:

@Given("les fichiers suivants sont disponibles dans le répertoire d'entrée")
public void les_fichiers_suivants_sont_disponibles_dans_le_répertoire_d_entrée(io.cucumber.datatable.DataTable dataTable) {
    // Write code here that turns the phrase above into concrete actions
    // For automatic transformation, change DataTable to one of
    // E, List<E>, List<List<E>>, List<Map<K,V>>, Map<K,V> or
    // Map<K, List<V>>. E,K,V must be a String, Integer, Float,
    // Double, Byte, Short, Long, BigInteger or BigDecimal.
    //
    // For other transformations you can register a DataTableType.
    throw new io.cucumber.java.PendingException();
}
@Given("Données disponibles dans la base de Données")
public void données_disponibles_dans_la_base_de_données(io.cucumber.datatable.DataTable dataTable) {
    // Write code here that turns the phrase above into concrete actions
    // For automatic transformation, change DataTable to one of
    // E, List<E>, List<List<E>>, List<Map<K,V>>, Map<K,V> or
    // Map<K, List<V>>. E,K,V must be a String, Integer, Float,
    // Double, Byte, Short, Long, BigInteger or BigDecimal.
    //
    // For other transformations you can register a DataTableType.
    throw new io.cucumber.java.PendingException();
}
@Given("Un fichier avec le chemin {string} et donc l'etat est {string}")
public void un_fichier_avec_le_chemin_et_donc_l_etat_est(String string, String string2) {
    // Write code here that turns the phrase above into concrete actions
    throw new io.cucumber.java.PendingException();
}
@When("Je tente d'ouvrir le fichier")
public void je_tente_d_ouvrir_le_fichier() {
    // Write code here that turns the phrase above into concrete actions
    throw new io.cucumber.java.PendingException();
}
@Then("Le système doit afficher \"une erreur \"permission de lecture refusée\" doit être remontée\"")
public void le_système_doit_afficher_une_erreur_permission_de_lecture_refusée_doit_être_remontée() {
    // Write code here that turns the phrase above into concrete actions
    throw new io.cucumber.java.PendingException();
}

	at ✽.les fichiers suivants sont disponibles dans le répertoire d'entrée(classpath:hellocucumber/bdd/agregationDesDonnees.feature:7)
]]></error>
    <system-out><![CDATA[
&amp#27;[1mScenario Outline:&amp#27;[22m Ouverture d’un fichier selon son état                                                                                                                       &amp#27;[90m# classpath:hellocucumber/bdd/agregationDesDonnees.feature:33&amp#27;[39m
  &amp#27;[33m■&amp#27;[39m &amp#27;[33m&amp#27;[1mGiven &amp#27;[22mles fichiers suivants sont disponibles dans le répertoire d'entrée&amp#27;[39m
      | fichier                                                                                       |
      | src/test/resources/hellocucumber/fichier/CA20250820_115728.csv                                |
      | src/test/resources/hellocucumber/fichier/T_cpte_00737_691594V_du_22-05-2025_au_19-08-2025.csv |
      | src/test/resources/hellocucumber/fichier/T_cpte_01047_058113K_du_22-05-2025_au_19-08-2025.csv |
      | src/test/resources/hellocucumber/fichier/T_cpte_01049_911662L_du_22-05-2025_au_19-08-2025.csv |
  &amp#27;[36m↷&amp#27;[39m &amp#27;[36m&amp#27;[1mAnd &amp#27;[22mDonnées disponibles dans la base de Données&amp#27;[39m
      | id | comment           | title                     | type  | bank_id |
      | 1  | cpt courent       | CCHQ (X1797)              | depot | 2       |
      | 2  | cpt courent       | Compte de dépôts (X1594V) | depot | 3       |
      | 3  | cpt courent femme | compte de depot (X8113K)  | depot | 4       |
      | 4  | cpt pro me lcl    | Compte Courant (x1662L)   | depot | 5       |
  &amp#27;[36m↷&amp#27;[39m &amp#27;[36m&amp#27;[1mGiven &amp#27;[22mUn fichier avec le chemin "src/test/resources/hellocucumber/fichier/T_cpte_00737_691594V_du_22-05-2025_au_19-08-2025.csv" et donc l'etat est "existant sans droits"&amp#27;[39m
  &amp#27;[36m↷&amp#27;[39m &amp#27;[36m&amp#27;[1mWhen &amp#27;[22mJe tente d'ouvrir le fichier&amp#27;[39m
  &amp#27;[36m↷&amp#27;[39m &amp#27;[36m&amp#27;[1mThen &amp#27;[22mLe système doit afficher "une erreur "permission de lecture refusée" doit être remontée"&amp#27;[39m
]]></system-out>
  </testcase>
  <testcase name="agregation des données dans la table budget - Ouverture d’un fichier selon son état - Examples - Example #1.5" classname="RunCucumberTest" time="0.017">
    <error message="The step &apos;les fichiers suivants sont disponibles dans le répertoire d&apos;entrée&apos; and 4 other step(s) are undefined.&#10;You can implement these steps using the snippet(s) below:&#10;&#10;@Given(&quot;les fichiers suivants sont disponibles dans le répertoire d&apos;entrée&quot;)&#10;public void les_fichiers_suivants_sont_disponibles_dans_le_répertoire_d_entrée(io.cucumber.datatable.DataTable dataTable) {&#10;    // Write code here that turns the phrase above into concrete actions&#10;    // For automatic transformation, change DataTable to one of&#10;    // E, List&lt;E&gt;, List&lt;List&lt;E&gt;&gt;, List&lt;Map&lt;K,V&gt;&gt;, Map&lt;K,V&gt; or&#10;    // Map&lt;K, List&lt;V&gt;&gt;. E,K,V must be a String, Integer, Float,&#10;    // Double, Byte, Short, Long, BigInteger or BigDecimal.&#10;    //&#10;    // For other transformations you can register a DataTableType.&#10;    throw new io.cucumber.java.PendingException();&#10;}&#10;@Given(&quot;Données disponibles dans la base de Données&quot;)&#10;public void données_disponibles_dans_la_base_de_données(io.cucumber.datatable.DataTable dataTable) {&#10;    // Write code here that turns the phrase above into concrete actions&#10;    // For automatic transformation, change DataTable to one of&#10;    // E, List&lt;E&gt;, List&lt;List&lt;E&gt;&gt;, List&lt;Map&lt;K,V&gt;&gt;, Map&lt;K,V&gt; or&#10;    // Map&lt;K, List&lt;V&gt;&gt;. E,K,V must be a String, Integer, Float,&#10;    // Double, Byte, Short, Long, BigInteger or BigDecimal.&#10;    //&#10;    // For other transformations you can register a DataTableType.&#10;    throw new io.cucumber.java.PendingException();&#10;}&#10;@Given(&quot;Un fichier avec le chemin {string} et donc l&apos;etat est {string}&quot;)&#10;public void un_fichier_avec_le_chemin_et_donc_l_etat_est(String string, String string2) {&#10;    // Write code here that turns the phrase above into concrete actions&#10;    throw new io.cucumber.java.PendingException();&#10;}&#10;@When(&quot;Je tente d&apos;ouvrir le fichier&quot;)&#10;public void je_tente_d_ouvrir_le_fichier() {&#10;    // Write code here that turns the phrase above into concrete actions&#10;    throw new io.cucumber.java.PendingException();&#10;}&#10;@Then(&quot;Le système doit afficher \&quot;une erreur \&quot;fichier illisible\&quot; doit être remontée\&quot;&quot;)&#10;public void le_système_doit_afficher_une_erreur_fichier_illisible_doit_être_remontée() {&#10;    // Write code here that turns the phrase above into concrete actions&#10;    throw new io.cucumber.java.PendingException();&#10;}&#10;" type="io.cucumber.junit.platform.engine.UndefinedStepException"><![CDATA[io.cucumber.junit.platform.engine.UndefinedStepException: 
The step 'les fichiers suivants sont disponibles dans le répertoire d'entrée' and 4 other step(s) are undefined.
You can implement these steps using the snippet(s) below:

@Given("les fichiers suivants sont disponibles dans le répertoire d'entrée")
public void les_fichiers_suivants_sont_disponibles_dans_le_répertoire_d_entrée(io.cucumber.datatable.DataTable dataTable) {
    // Write code here that turns the phrase above into concrete actions
    // For automatic transformation, change DataTable to one of
    // E, List<E>, List<List<E>>, List<Map<K,V>>, Map<K,V> or
    // Map<K, List<V>>. E,K,V must be a String, Integer, Float,
    // Double, Byte, Short, Long, BigInteger or BigDecimal.
    //
    // For other transformations you can register a DataTableType.
    throw new io.cucumber.java.PendingException();
}
@Given("Données disponibles dans la base de Données")
public void données_disponibles_dans_la_base_de_données(io.cucumber.datatable.DataTable dataTable) {
    // Write code here that turns the phrase above into concrete actions
    // For automatic transformation, change DataTable to one of
    // E, List<E>, List<List<E>>, List<Map<K,V>>, Map<K,V> or
    // Map<K, List<V>>. E,K,V must be a String, Integer, Float,
    // Double, Byte, Short, Long, BigInteger or BigDecimal.
    //
    // For other transformations you can register a DataTableType.
    throw new io.cucumber.java.PendingException();
}
@Given("Un fichier avec le chemin {string} et donc l'etat est {string}")
public void un_fichier_avec_le_chemin_et_donc_l_etat_est(String string, String string2) {
    // Write code here that turns the phrase above into concrete actions
    throw new io.cucumber.java.PendingException();
}
@When("Je tente d'ouvrir le fichier")
public void je_tente_d_ouvrir_le_fichier() {
    // Write code here that turns the phrase above into concrete actions
    throw new io.cucumber.java.PendingException();
}
@Then("Le système doit afficher \"une erreur \"fichier illisible\" doit être remontée\"")
public void le_système_doit_afficher_une_erreur_fichier_illisible_doit_être_remontée() {
    // Write code here that turns the phrase above into concrete actions
    throw new io.cucumber.java.PendingException();
}

	at ✽.les fichiers suivants sont disponibles dans le répertoire d'entrée(classpath:hellocucumber/bdd/agregationDesDonnees.feature:7)
]]></error>
    <system-out><![CDATA[
&amp#27;[1mScenario Outline:&amp#27;[22m Ouverture d’un fichier selon son état                                                               &amp#27;[90m# classpath:hellocucumber/bdd/agregationDesDonnees.feature:34&amp#27;[39m
  &amp#27;[33m■&amp#27;[39m &amp#27;[33m&amp#27;[1mGiven &amp#27;[22mles fichiers suivants sont disponibles dans le répertoire d'entrée&amp#27;[39m
      | fichier                                                                                       |
      | src/test/resources/hellocucumber/fichier/CA20250820_115728.csv                                |
      | src/test/resources/hellocucumber/fichier/T_cpte_00737_691594V_du_22-05-2025_au_19-08-2025.csv |
      | src/test/resources/hellocucumber/fichier/T_cpte_01047_058113K_du_22-05-2025_au_19-08-2025.csv |
      | src/test/resources/hellocucumber/fichier/T_cpte_01049_911662L_du_22-05-2025_au_19-08-2025.csv |
  &amp#27;[36m↷&amp#27;[39m &amp#27;[36m&amp#27;[1mAnd &amp#27;[22mDonnées disponibles dans la base de Données&amp#27;[39m
      | id | comment           | title                     | type  | bank_id |
      | 1  | cpt courent       | CCHQ (X1797)              | depot | 2       |
      | 2  | cpt courent       | Compte de dépôts (X1594V) | depot | 3       |
      | 3  | cpt courent femme | compte de depot (X8113K)  | depot | 4       |
      | 4  | cpt pro me lcl    | Compte Courant (x1662L)   | depot | 5       |
  &amp#27;[36m↷&amp#27;[39m &amp#27;[36m&amp#27;[1mGiven &amp#27;[22mUn fichier avec le chemin "src/test/resources/hellocucumber/fichier/LCL2.csv" et donc l'etat est "corrompu"&amp#27;[39m
  &amp#27;[36m↷&amp#27;[39m &amp#27;[36m&amp#27;[1mWhen &amp#27;[22mJe tente d'ouvrir le fichier&amp#27;[39m
  &amp#27;[36m↷&amp#27;[39m &amp#27;[36m&amp#27;[1mThen &amp#27;[22mLe système doit afficher "une erreur "fichier illisible" doit être remontée"&amp#27;[39m
]]></system-out>
  </testcase>
  <testcase name="agregation des données dans la table budget - vérification de la structure d&apos;un fichier - Examples - Example #1.1" classname="RunCucumberTest" time="0.035">
    <error message="The step &apos;les fichiers suivants sont disponibles dans le répertoire d&apos;entrée&apos; and 4 other step(s) are undefined.&#10;You can implement these steps using the snippet(s) below:&#10;&#10;@Given(&quot;les fichiers suivants sont disponibles dans le répertoire d&apos;entrée&quot;)&#10;public void les_fichiers_suivants_sont_disponibles_dans_le_répertoire_d_entrée(io.cucumber.datatable.DataTable dataTable) {&#10;    // Write code here that turns the phrase above into concrete actions&#10;    // For automatic transformation, change DataTable to one of&#10;    // E, List&lt;E&gt;, List&lt;List&lt;E&gt;&gt;, List&lt;Map&lt;K,V&gt;&gt;, Map&lt;K,V&gt; or&#10;    // Map&lt;K, List&lt;V&gt;&gt;. E,K,V must be a String, Integer, Float,&#10;    // Double, Byte, Short, Long, BigInteger or BigDecimal.&#10;    //&#10;    // For other transformations you can register a DataTableType.&#10;    throw new io.cucumber.java.PendingException();&#10;}&#10;@Given(&quot;Données disponibles dans la base de Données&quot;)&#10;public void données_disponibles_dans_la_base_de_données(io.cucumber.datatable.DataTable dataTable) {&#10;    // Write code here that turns the phrase above into concrete actions&#10;    // For automatic transformation, change DataTable to one of&#10;    // E, List&lt;E&gt;, List&lt;List&lt;E&gt;&gt;, List&lt;Map&lt;K,V&gt;&gt;, Map&lt;K,V&gt; or&#10;    // Map&lt;K, List&lt;V&gt;&gt;. E,K,V must be a String, Integer, Float,&#10;    // Double, Byte, Short, Long, BigInteger or BigDecimal.&#10;    //&#10;    // For other transformations you can register a DataTableType.&#10;    throw new io.cucumber.java.PendingException();&#10;}&#10;@Given(&quot;que le nom du fichier {string} commence par CA&quot;)&#10;public void que_le_nom_du_fichier_commence_par_ca(String string) {&#10;    // Write code here that turns the phrase above into concrete actions&#10;    throw new io.cucumber.java.PendingException();&#10;}&#10;@When(&quot;je me rend a la ligne onze du fichier {string}&quot;)&#10;public void je_me_rend_a_la_ligne_onze_du_fichier(String string) {&#10;    // Write code here that turns the phrase above into concrete actions&#10;    throw new io.cucumber.java.PendingException();&#10;}&#10;@Then(&quot;je dois retrouvé les champs nommés Date;Libell�;D�bit euros;Cr�dit euros;&quot;)&#10;public void je_dois_retrouvé_les_champs_nommés_date_libell_d_bit_euros_cr_dit_euros() {&#10;    // Write code here that turns the phrase above into concrete actions&#10;    throw new io.cucumber.java.PendingException();&#10;}&#10;" type="io.cucumber.junit.platform.engine.UndefinedStepException"><![CDATA[io.cucumber.junit.platform.engine.UndefinedStepException: 
The step 'les fichiers suivants sont disponibles dans le répertoire d'entrée' and 4 other step(s) are undefined.
You can implement these steps using the snippet(s) below:

@Given("les fichiers suivants sont disponibles dans le répertoire d'entrée")
public void les_fichiers_suivants_sont_disponibles_dans_le_répertoire_d_entrée(io.cucumber.datatable.DataTable dataTable) {
    // Write code here that turns the phrase above into concrete actions
    // For automatic transformation, change DataTable to one of
    // E, List<E>, List<List<E>>, List<Map<K,V>>, Map<K,V> or
    // Map<K, List<V>>. E,K,V must be a String, Integer, Float,
    // Double, Byte, Short, Long, BigInteger or BigDecimal.
    //
    // For other transformations you can register a DataTableType.
    throw new io.cucumber.java.PendingException();
}
@Given("Données disponibles dans la base de Données")
public void données_disponibles_dans_la_base_de_données(io.cucumber.datatable.DataTable dataTable) {
    // Write code here that turns the phrase above into concrete actions
    // For automatic transformation, change DataTable to one of
    // E, List<E>, List<List<E>>, List<Map<K,V>>, Map<K,V> or
    // Map<K, List<V>>. E,K,V must be a String, Integer, Float,
    // Double, Byte, Short, Long, BigInteger or BigDecimal.
    //
    // For other transformations you can register a DataTableType.
    throw new io.cucumber.java.PendingException();
}
@Given("que le nom du fichier {string} commence par CA")
public void que_le_nom_du_fichier_commence_par_ca(String string) {
    // Write code here that turns the phrase above into concrete actions
    throw new io.cucumber.java.PendingException();
}
@When("je me rend a la ligne onze du fichier {string}")
public void je_me_rend_a_la_ligne_onze_du_fichier(String string) {
    // Write code here that turns the phrase above into concrete actions
    throw new io.cucumber.java.PendingException();
}
@Then("je dois retrouvé les champs nommés Date;Libell�;D�bit euros;Cr�dit euros;")
public void je_dois_retrouvé_les_champs_nommés_date_libell_d_bit_euros_cr_dit_euros() {
    // Write code here that turns the phrase above into concrete actions
    throw new io.cucumber.java.PendingException();
}

	at ✽.les fichiers suivants sont disponibles dans le répertoire d'entrée(classpath:hellocucumber/bdd/agregationDesDonnees.feature:7)
]]></error>
    <system-out><![CDATA[
&amp#27;[1mScenario Outline:&amp#27;[22m vérification de la structure d'un fichier                                                      &amp#27;[90m# classpath:hellocucumber/bdd/agregationDesDonnees.feature:44&amp#27;[39m
  &amp#27;[33m■&amp#27;[39m &amp#27;[33m&amp#27;[1mGiven &amp#27;[22mles fichiers suivants sont disponibles dans le répertoire d'entrée&amp#27;[39m
      | fichier                                                                                       |
      | src/test/resources/hellocucumber/fichier/CA20250820_115728.csv                                |
      | src/test/resources/hellocucumber/fichier/T_cpte_00737_691594V_du_22-05-2025_au_19-08-2025.csv |
      | src/test/resources/hellocucumber/fichier/T_cpte_01047_058113K_du_22-05-2025_au_19-08-2025.csv |
      | src/test/resources/hellocucumber/fichier/T_cpte_01049_911662L_du_22-05-2025_au_19-08-2025.csv |
  &amp#27;[36m↷&amp#27;[39m &amp#27;[36m&amp#27;[1mAnd &amp#27;[22mDonnées disponibles dans la base de Données&amp#27;[39m
      | id | comment           | title                     | type  | bank_id |
      | 1  | cpt courent       | CCHQ (X1797)              | depot | 2       |
      | 2  | cpt courent       | Compte de dépôts (X1594V) | depot | 3       |
      | 3  | cpt courent femme | compte de depot (X8113K)  | depot | 4       |
      | 4  | cpt pro me lcl    | Compte Courant (x1662L)   | depot | 5       |
  &amp#27;[36m↷&amp#27;[39m &amp#27;[36m&amp#27;[1mGiven &amp#27;[22mque le nom du fichier "src/test/resources/hellocucumber/fichier/CA20250820_115728.csv" commence par CA&amp#27;[39m
  &amp#27;[36m↷&amp#27;[39m &amp#27;[36m&amp#27;[1mWhen &amp#27;[22mje me rend a la ligne onze du fichier "src/test/resources/hellocucumber/fichier/CA20250820_115728.csv"&amp#27;[39m
  &amp#27;[36m↷&amp#27;[39m &amp#27;[36m&amp#27;[1mThen &amp#27;[22mje dois retrouvé les champs nommés Date;Libell�;D�bit euros;Cr�dit euros;&amp#27;[39m
]]></system-out>
  </testcase>
  <testcase name="agregation des données dans la table budget - vérification de la structure d&apos;un fichier - Examples - Example #1.1" classname="RunCucumberTest" time="0.028">
    <error message="The step &apos;les fichiers suivants sont disponibles dans le répertoire d&apos;entrée&apos; and 4 other step(s) are undefined.&#10;You can implement these steps using the snippet(s) below:&#10;&#10;@Given(&quot;les fichiers suivants sont disponibles dans le répertoire d&apos;entrée&quot;)&#10;public void les_fichiers_suivants_sont_disponibles_dans_le_répertoire_d_entrée(io.cucumber.datatable.DataTable dataTable) {&#10;    // Write code here that turns the phrase above into concrete actions&#10;    // For automatic transformation, change DataTable to one of&#10;    // E, List&lt;E&gt;, List&lt;List&lt;E&gt;&gt;, List&lt;Map&lt;K,V&gt;&gt;, Map&lt;K,V&gt; or&#10;    // Map&lt;K, List&lt;V&gt;&gt;. E,K,V must be a String, Integer, Float,&#10;    // Double, Byte, Short, Long, BigInteger or BigDecimal.&#10;    //&#10;    // For other transformations you can register a DataTableType.&#10;    throw new io.cucumber.java.PendingException();&#10;}&#10;@Given(&quot;Données disponibles dans la base de Données&quot;)&#10;public void données_disponibles_dans_la_base_de_données(io.cucumber.datatable.DataTable dataTable) {&#10;    // Write code here that turns the phrase above into concrete actions&#10;    // For automatic transformation, change DataTable to one of&#10;    // E, List&lt;E&gt;, List&lt;List&lt;E&gt;&gt;, List&lt;Map&lt;K,V&gt;&gt;, Map&lt;K,V&gt; or&#10;    // Map&lt;K, List&lt;V&gt;&gt;. E,K,V must be a String, Integer, Float,&#10;    // Double, Byte, Short, Long, BigInteger or BigDecimal.&#10;    //&#10;    // For other transformations you can register a DataTableType.&#10;    throw new io.cucumber.java.PendingException();&#10;}&#10;@Given(&quot;que le nom du fichier {string} commence par T_cpte&quot;)&#10;public void que_le_nom_du_fichier_commence_par_t_cpte(String string) {&#10;    // Write code here that turns the phrase above into concrete actions&#10;    throw new io.cucumber.java.PendingException();&#10;}&#10;@When(&quot;je me place a la deuxieme ligne et je compte le nombre de colonne du fichier {string}&quot;)&#10;public void je_me_place_a_la_deuxieme_ligne_et_je_compte_le_nombre_de_colonne_du_fichier(String string) {&#10;    // Write code here that turns the phrase above into concrete actions&#10;    throw new io.cucumber.java.PendingException();&#10;}&#10;@Then(&quot;je dois obtenir huit colonnes&quot;)&#10;public void je_dois_obtenir_huit_colonnes() {&#10;    // Write code here that turns the phrase above into concrete actions&#10;    throw new io.cucumber.java.PendingException();&#10;}&#10;" type="io.cucumber.junit.platform.engine.UndefinedStepException"><![CDATA[io.cucumber.junit.platform.engine.UndefinedStepException: 
The step 'les fichiers suivants sont disponibles dans le répertoire d'entrée' and 4 other step(s) are undefined.
You can implement these steps using the snippet(s) below:

@Given("les fichiers suivants sont disponibles dans le répertoire d'entrée")
public void les_fichiers_suivants_sont_disponibles_dans_le_répertoire_d_entrée(io.cucumber.datatable.DataTable dataTable) {
    // Write code here that turns the phrase above into concrete actions
    // For automatic transformation, change DataTable to one of
    // E, List<E>, List<List<E>>, List<Map<K,V>>, Map<K,V> or
    // Map<K, List<V>>. E,K,V must be a String, Integer, Float,
    // Double, Byte, Short, Long, BigInteger or BigDecimal.
    //
    // For other transformations you can register a DataTableType.
    throw new io.cucumber.java.PendingException();
}
@Given("Données disponibles dans la base de Données")
public void données_disponibles_dans_la_base_de_données(io.cucumber.datatable.DataTable dataTable) {
    // Write code here that turns the phrase above into concrete actions
    // For automatic transformation, change DataTable to one of
    // E, List<E>, List<List<E>>, List<Map<K,V>>, Map<K,V> or
    // Map<K, List<V>>. E,K,V must be a String, Integer, Float,
    // Double, Byte, Short, Long, BigInteger or BigDecimal.
    //
    // For other transformations you can register a DataTableType.
    throw new io.cucumber.java.PendingException();
}
@Given("que le nom du fichier {string} commence par T_cpte")
public void que_le_nom_du_fichier_commence_par_t_cpte(String string) {
    // Write code here that turns the phrase above into concrete actions
    throw new io.cucumber.java.PendingException();
}
@When("je me place a la deuxieme ligne et je compte le nombre de colonne du fichier {string}")
public void je_me_place_a_la_deuxieme_ligne_et_je_compte_le_nombre_de_colonne_du_fichier(String string) {
    // Write code here that turns the phrase above into concrete actions
    throw new io.cucumber.java.PendingException();
}
@Then("je dois obtenir huit colonnes")
public void je_dois_obtenir_huit_colonnes() {
    // Write code here that turns the phrase above into concrete actions
    throw new io.cucumber.java.PendingException();
}

	at ✽.les fichiers suivants sont disponibles dans le répertoire d'entrée(classpath:hellocucumber/bdd/agregationDesDonnees.feature:7)
]]></error>
    <system-out><![CDATA[
&amp#27;[1mScenario Outline:&amp#27;[22m vérification de la structure d'un fichier                                                                                                                           &amp#27;[90m# classpath:hellocucumber/bdd/agregationDesDonnees.feature:54&amp#27;[39m
  &amp#27;[33m■&amp#27;[39m &amp#27;[33m&amp#27;[1mGiven &amp#27;[22mles fichiers suivants sont disponibles dans le répertoire d'entrée&amp#27;[39m
      | fichier                                                                                       |
      | src/test/resources/hellocucumber/fichier/CA20250820_115728.csv                                |
      | src/test/resources/hellocucumber/fichier/T_cpte_00737_691594V_du_22-05-2025_au_19-08-2025.csv |
      | src/test/resources/hellocucumber/fichier/T_cpte_01047_058113K_du_22-05-2025_au_19-08-2025.csv |
      | src/test/resources/hellocucumber/fichier/T_cpte_01049_911662L_du_22-05-2025_au_19-08-2025.csv |
  &amp#27;[36m↷&amp#27;[39m &amp#27;[36m&amp#27;[1mAnd &amp#27;[22mDonnées disponibles dans la base de Données&amp#27;[39m
      | id | comment           | title                     | type  | bank_id |
      | 1  | cpt courent       | CCHQ (X1797)              | depot | 2       |
      | 2  | cpt courent       | Compte de dépôts (X1594V) | depot | 3       |
      | 3  | cpt courent femme | compte de depot (X8113K)  | depot | 4       |
      | 4  | cpt pro me lcl    | Compte Courant (x1662L)   | depot | 5       |
  &amp#27;[36m↷&amp#27;[39m &amp#27;[36m&amp#27;[1mGiven &amp#27;[22mque le nom du fichier "src/test/resources/hellocucumber/fichier/T_cpte_00737_691594V_du_22-05-2025_au_19-08-2025.csv" commence par T_cpte&amp#27;[39m
  &amp#27;[36m↷&amp#27;[39m &amp#27;[36m&amp#27;[1mWhen &amp#27;[22mje me place a la deuxieme ligne et je compte le nombre de colonne du fichier "src/test/resources/hellocucumber/fichier/T_cpte_00737_691594V_du_22-05-2025_au_19-08-2025.csv"&amp#27;[39m
  &amp#27;[36m↷&amp#27;[39m &amp#27;[36m&amp#27;[1mThen &amp#27;[22mje dois obtenir huit colonnes&amp#27;[39m
]]></system-out>
  </testcase>
  <testcase name="agregation des données dans la table budget - vérification de la structure d&apos;un fichier quelconque - Examples - Example #1.1" classname="RunCucumberTest" time="0.023">
    <error message="The step &apos;les fichiers suivants sont disponibles dans le répertoire d&apos;entrée&apos; and 3 other step(s) are undefined.&#10;You can implement these steps using the snippet(s) below:&#10;&#10;@Given(&quot;les fichiers suivants sont disponibles dans le répertoire d&apos;entrée&quot;)&#10;public void les_fichiers_suivants_sont_disponibles_dans_le_répertoire_d_entrée(io.cucumber.datatable.DataTable dataTable) {&#10;    // Write code here that turns the phrase above into concrete actions&#10;    // For automatic transformation, change DataTable to one of&#10;    // E, List&lt;E&gt;, List&lt;List&lt;E&gt;&gt;, List&lt;Map&lt;K,V&gt;&gt;, Map&lt;K,V&gt; or&#10;    // Map&lt;K, List&lt;V&gt;&gt;. E,K,V must be a String, Integer, Float,&#10;    // Double, Byte, Short, Long, BigInteger or BigDecimal.&#10;    //&#10;    // For other transformations you can register a DataTableType.&#10;    throw new io.cucumber.java.PendingException();&#10;}&#10;@Given(&quot;Données disponibles dans la base de Données&quot;)&#10;public void données_disponibles_dans_la_base_de_données(io.cucumber.datatable.DataTable dataTable) {&#10;    // Write code here that turns the phrase above into concrete actions&#10;    // For automatic transformation, change DataTable to one of&#10;    // E, List&lt;E&gt;, List&lt;List&lt;E&gt;&gt;, List&lt;Map&lt;K,V&gt;&gt;, Map&lt;K,V&gt; or&#10;    // Map&lt;K, List&lt;V&gt;&gt;. E,K,V must be a String, Integer, Float,&#10;    // Double, Byte, Short, Long, BigInteger or BigDecimal.&#10;    //&#10;    // For other transformations you can register a DataTableType.&#10;    throw new io.cucumber.java.PendingException();&#10;}&#10;@Given(&quot;que le nom du fichier ne commence ni par CA ni par T_cpte&quot;)&#10;public void que_le_nom_du_fichier_ne_commence_ni_par_ca_ni_par_t_cpte() {&#10;    // Write code here that turns the phrase above into concrete actions&#10;    throw new io.cucumber.java.PendingException();&#10;}&#10;@Then(&quot;renvoyer un message {string} d&apos;érreur&quot;)&#10;public void renvoyer_un_message_d_érreur(String string) {&#10;    // Write code here that turns the phrase above into concrete actions&#10;    throw new io.cucumber.java.PendingException();&#10;}&#10;" type="io.cucumber.junit.platform.engine.UndefinedStepException"><![CDATA[io.cucumber.junit.platform.engine.UndefinedStepException: 
The step 'les fichiers suivants sont disponibles dans le répertoire d'entrée' and 3 other step(s) are undefined.
You can implement these steps using the snippet(s) below:

@Given("les fichiers suivants sont disponibles dans le répertoire d'entrée")
public void les_fichiers_suivants_sont_disponibles_dans_le_répertoire_d_entrée(io.cucumber.datatable.DataTable dataTable) {
    // Write code here that turns the phrase above into concrete actions
    // For automatic transformation, change DataTable to one of
    // E, List<E>, List<List<E>>, List<Map<K,V>>, Map<K,V> or
    // Map<K, List<V>>. E,K,V must be a String, Integer, Float,
    // Double, Byte, Short, Long, BigInteger or BigDecimal.
    //
    // For other transformations you can register a DataTableType.
    throw new io.cucumber.java.PendingException();
}
@Given("Données disponibles dans la base de Données")
public void données_disponibles_dans_la_base_de_données(io.cucumber.datatable.DataTable dataTable) {
    // Write code here that turns the phrase above into concrete actions
    // For automatic transformation, change DataTable to one of
    // E, List<E>, List<List<E>>, List<Map<K,V>>, Map<K,V> or
    // Map<K, List<V>>. E,K,V must be a String, Integer, Float,
    // Double, Byte, Short, Long, BigInteger or BigDecimal.
    //
    // For other transformations you can register a DataTableType.
    throw new io.cucumber.java.PendingException();
}
@Given("que le nom du fichier ne commence ni par CA ni par T_cpte")
public void que_le_nom_du_fichier_ne_commence_ni_par_ca_ni_par_t_cpte() {
    // Write code here that turns the phrase above into concrete actions
    throw new io.cucumber.java.PendingException();
}
@Then("renvoyer un message {string} d'érreur")
public void renvoyer_un_message_d_érreur(String string) {
    // Write code here that turns the phrase above into concrete actions
    throw new io.cucumber.java.PendingException();
}

	at ✽.les fichiers suivants sont disponibles dans le répertoire d'entrée(classpath:hellocucumber/bdd/agregationDesDonnees.feature:7)
]]></error>
    <system-out><![CDATA[
&amp#27;[1mScenario Outline:&amp#27;[22m vérification de la structure d'un fichier quelconque       &amp#27;[90m# classpath:hellocucumber/bdd/agregationDesDonnees.feature:62&amp#27;[39m
  &amp#27;[33m■&amp#27;[39m &amp#27;[33m&amp#27;[1mGiven &amp#27;[22mles fichiers suivants sont disponibles dans le répertoire d'entrée&amp#27;[39m
      | fichier                                                                                       |
      | src/test/resources/hellocucumber/fichier/CA20250820_115728.csv                                |
      | src/test/resources/hellocucumber/fichier/T_cpte_00737_691594V_du_22-05-2025_au_19-08-2025.csv |
      | src/test/resources/hellocucumber/fichier/T_cpte_01047_058113K_du_22-05-2025_au_19-08-2025.csv |
      | src/test/resources/hellocucumber/fichier/T_cpte_01049_911662L_du_22-05-2025_au_19-08-2025.csv |
  &amp#27;[36m↷&amp#27;[39m &amp#27;[36m&amp#27;[1mAnd &amp#27;[22mDonnées disponibles dans la base de Données&amp#27;[39m
      | id | comment           | title                     | type  | bank_id |
      | 1  | cpt courent       | CCHQ (X1797)              | depot | 2       |
      | 2  | cpt courent       | Compte de dépôts (X1594V) | depot | 3       |
      | 3  | cpt courent femme | compte de depot (X8113K)  | depot | 4       |
      | 4  | cpt pro me lcl    | Compte Courant (x1662L)   | depot | 5       |
  &amp#27;[36m↷&amp#27;[39m &amp#27;[36m&amp#27;[1mGiven &amp#27;[22mque le nom du fichier ne commence ni par CA ni par T_cpte&amp#27;[39m
  &amp#27;[36m↷&amp#27;[39m &amp#27;[36m&amp#27;[1mThen &amp#27;[22mrenvoyer un message "ce fichier ne peut etre importé" d'érreur&amp#27;[39m
]]></system-out>
  </testcase>
  <testcase name="agregation des données dans la table budget - Récupération du numéro de compte - Examples - Example #1.1" classname="RunCucumberTest" time="0.038">
    <error message="The step &apos;les fichiers suivants sont disponibles dans le répertoire d&apos;entrée&apos; and 5 other step(s) are undefined.&#10;You can implement these steps using the snippet(s) below:&#10;&#10;@Given(&quot;les fichiers suivants sont disponibles dans le répertoire d&apos;entrée&quot;)&#10;public void les_fichiers_suivants_sont_disponibles_dans_le_répertoire_d_entrée(io.cucumber.datatable.DataTable dataTable) {&#10;    // Write code here that turns the phrase above into concrete actions&#10;    // For automatic transformation, change DataTable to one of&#10;    // E, List&lt;E&gt;, List&lt;List&lt;E&gt;&gt;, List&lt;Map&lt;K,V&gt;&gt;, Map&lt;K,V&gt; or&#10;    // Map&lt;K, List&lt;V&gt;&gt;. E,K,V must be a String, Integer, Float,&#10;    // Double, Byte, Short, Long, BigInteger or BigDecimal.&#10;    //&#10;    // For other transformations you can register a DataTableType.&#10;    throw new io.cucumber.java.PendingException();&#10;}&#10;@Given(&quot;Données disponibles dans la base de Données&quot;)&#10;public void données_disponibles_dans_la_base_de_données(io.cucumber.datatable.DataTable dataTable) {&#10;    // Write code here that turns the phrase above into concrete actions&#10;    // For automatic transformation, change DataTable to one of&#10;    // E, List&lt;E&gt;, List&lt;List&lt;E&gt;&gt;, List&lt;Map&lt;K,V&gt;&gt;, Map&lt;K,V&gt; or&#10;    // Map&lt;K, List&lt;V&gt;&gt;. E,K,V must be a String, Integer, Float,&#10;    // Double, Byte, Short, Long, BigInteger or BigDecimal.&#10;    //&#10;    // For other transformations you can register a DataTableType.&#10;    throw new io.cucumber.java.PendingException();&#10;}&#10;@Given(&quot;Le fichier {string} se trouve dans le répertoire d&apos;entrée&quot;)&#10;public void le_fichier_se_trouve_dans_le_répertoire_d_entrée(String string) {&#10;    // Write code here that turns the phrase above into concrete actions&#10;    throw new io.cucumber.java.PendingException();&#10;}&#10;@When(&quot;le système ouvre le fichier {string} valide contenant le numéro de compte {string}&quot;)&#10;public void le_système_ouvre_le_fichier_valide_contenant_le_numéro_de_compte(String string, String string2) {&#10;    // Write code here that turns the phrase above into concrete actions&#10;    throw new io.cucumber.java.PendingException();&#10;}&#10;@Then(&quot;le système lit le numéro de compte {string}&quot;)&#10;public void le_système_lit_le_numéro_de_compte(String string) {&#10;    // Write code here that turns the phrase above into concrete actions&#10;    throw new io.cucumber.java.PendingException();&#10;}&#10;@Then(&quot;l&apos;extrait du fichier&quot;)&#10;public void l_extrait_du_fichier() {&#10;    // Write code here that turns the phrase above into concrete actions&#10;    throw new io.cucumber.java.PendingException();&#10;}&#10;" type="io.cucumber.junit.platform.engine.UndefinedStepException"><![CDATA[io.cucumber.junit.platform.engine.UndefinedStepException: 
The step 'les fichiers suivants sont disponibles dans le répertoire d'entrée' and 5 other step(s) are undefined.
You can implement these steps using the snippet(s) below:

@Given("les fichiers suivants sont disponibles dans le répertoire d'entrée")
public void les_fichiers_suivants_sont_disponibles_dans_le_répertoire_d_entrée(io.cucumber.datatable.DataTable dataTable) {
    // Write code here that turns the phrase above into concrete actions
    // For automatic transformation, change DataTable to one of
    // E, List<E>, List<List<E>>, List<Map<K,V>>, Map<K,V> or
    // Map<K, List<V>>. E,K,V must be a String, Integer, Float,
    // Double, Byte, Short, Long, BigInteger or BigDecimal.
    //
    // For other transformations you can register a DataTableType.
    throw new io.cucumber.java.PendingException();
}
@Given("Données disponibles dans la base de Données")
public void données_disponibles_dans_la_base_de_données(io.cucumber.datatable.DataTable dataTable) {
    // Write code here that turns the phrase above into concrete actions
    // For automatic transformation, change DataTable to one of
    // E, List<E>, List<List<E>>, List<Map<K,V>>, Map<K,V> or
    // Map<K, List<V>>. E,K,V must be a String, Integer, Float,
    // Double, Byte, Short, Long, BigInteger or BigDecimal.
    //
    // For other transformations you can register a DataTableType.
    throw new io.cucumber.java.PendingException();
}
@Given("Le fichier {string} se trouve dans le répertoire d'entrée")
public void le_fichier_se_trouve_dans_le_répertoire_d_entrée(String string) {
    // Write code here that turns the phrase above into concrete actions
    throw new io.cucumber.java.PendingException();
}
@When("le système ouvre le fichier {string} valide contenant le numéro de compte {string}")
public void le_système_ouvre_le_fichier_valide_contenant_le_numéro_de_compte(String string, String string2) {
    // Write code here that turns the phrase above into concrete actions
    throw new io.cucumber.java.PendingException();
}
@Then("le système lit le numéro de compte {string}")
public void le_système_lit_le_numéro_de_compte(String string) {
    // Write code here that turns the phrase above into concrete actions
    throw new io.cucumber.java.PendingException();
}
@Then("l'extrait du fichier")
public void l_extrait_du_fichier() {
    // Write code here that turns the phrase above into concrete actions
    throw new io.cucumber.java.PendingException();
}

	at ✽.les fichiers suivants sont disponibles dans le répertoire d'entrée(classpath:hellocucumber/bdd/agregationDesDonnees.feature:7)
]]></error>
    <system-out><![CDATA[
&amp#27;[1mScenario Outline:&amp#27;[22m Récupération du numéro de compte                                                                                                       &amp#27;[90m# classpath:hellocucumber/bdd/agregationDesDonnees.feature:74&amp#27;[39m
  &amp#27;[33m■&amp#27;[39m &amp#27;[33m&amp#27;[1mGiven &amp#27;[22mles fichiers suivants sont disponibles dans le répertoire d'entrée&amp#27;[39m
      | fichier                                                                                       |
      | src/test/resources/hellocucumber/fichier/CA20250820_115728.csv                                |
      | src/test/resources/hellocucumber/fichier/T_cpte_00737_691594V_du_22-05-2025_au_19-08-2025.csv |
      | src/test/resources/hellocucumber/fichier/T_cpte_01047_058113K_du_22-05-2025_au_19-08-2025.csv |
      | src/test/resources/hellocucumber/fichier/T_cpte_01049_911662L_du_22-05-2025_au_19-08-2025.csv |
  &amp#27;[36m↷&amp#27;[39m &amp#27;[36m&amp#27;[1mAnd &amp#27;[22mDonnées disponibles dans la base de Données&amp#27;[39m
      | id | comment           | title                     | type  | bank_id |
      | 1  | cpt courent       | CCHQ (X1797)              | depot | 2       |
      | 2  | cpt courent       | Compte de dépôts (X1594V) | depot | 3       |
      | 3  | cpt courent femme | compte de depot (X8113K)  | depot | 4       |
      | 4  | cpt pro me lcl    | Compte Courant (x1662L)   | depot | 5       |
  &amp#27;[36m↷&amp#27;[39m &amp#27;[36m&amp#27;[1mGiven &amp#27;[22mLe fichier "src/test/resources/hellocucumber/fichier/CA20250820_115728.csv" se trouve dans le répertoire d'entrée&amp#27;[39m
  &amp#27;[36m↷&amp#27;[39m &amp#27;[36m&amp#27;[1mWhen &amp#27;[22mle système ouvre le fichier "src/test/resources/hellocucumber/fichier/CA20250820_115728.csv" valide contenant le numéro de compte "04109661797"&amp#27;[39m
  &amp#27;[36m↷&amp#27;[39m &amp#27;[36m&amp#27;[1mThen &amp#27;[22mle système lit le numéro de compte "04109661797"&amp#27;[39m
  &amp#27;[36m↷&amp#27;[39m &amp#27;[36m&amp#27;[1mAnd &amp#27;[22ml'extrait du fichier&amp#27;[39m
]]></system-out>
  </testcase>
  <testcase name="agregation des données dans la table budget - Récupération du numéro de compte - Examples - Example #1.2" classname="RunCucumberTest" time="0.017">
    <error message="The step &apos;les fichiers suivants sont disponibles dans le répertoire d&apos;entrée&apos; and 5 other step(s) are undefined.&#10;You can implement these steps using the snippet(s) below:&#10;&#10;@Given(&quot;les fichiers suivants sont disponibles dans le répertoire d&apos;entrée&quot;)&#10;public void les_fichiers_suivants_sont_disponibles_dans_le_répertoire_d_entrée(io.cucumber.datatable.DataTable dataTable) {&#10;    // Write code here that turns the phrase above into concrete actions&#10;    // For automatic transformation, change DataTable to one of&#10;    // E, List&lt;E&gt;, List&lt;List&lt;E&gt;&gt;, List&lt;Map&lt;K,V&gt;&gt;, Map&lt;K,V&gt; or&#10;    // Map&lt;K, List&lt;V&gt;&gt;. E,K,V must be a String, Integer, Float,&#10;    // Double, Byte, Short, Long, BigInteger or BigDecimal.&#10;    //&#10;    // For other transformations you can register a DataTableType.&#10;    throw new io.cucumber.java.PendingException();&#10;}&#10;@Given(&quot;Données disponibles dans la base de Données&quot;)&#10;public void données_disponibles_dans_la_base_de_données(io.cucumber.datatable.DataTable dataTable) {&#10;    // Write code here that turns the phrase above into concrete actions&#10;    // For automatic transformation, change DataTable to one of&#10;    // E, List&lt;E&gt;, List&lt;List&lt;E&gt;&gt;, List&lt;Map&lt;K,V&gt;&gt;, Map&lt;K,V&gt; or&#10;    // Map&lt;K, List&lt;V&gt;&gt;. E,K,V must be a String, Integer, Float,&#10;    // Double, Byte, Short, Long, BigInteger or BigDecimal.&#10;    //&#10;    // For other transformations you can register a DataTableType.&#10;    throw new io.cucumber.java.PendingException();&#10;}&#10;@Given(&quot;Le fichier {string} se trouve dans le répertoire d&apos;entrée&quot;)&#10;public void le_fichier_se_trouve_dans_le_répertoire_d_entrée(String string) {&#10;    // Write code here that turns the phrase above into concrete actions&#10;    throw new io.cucumber.java.PendingException();&#10;}&#10;@When(&quot;le système ouvre le fichier {string} valide contenant le numéro de compte {string}&quot;)&#10;public void le_système_ouvre_le_fichier_valide_contenant_le_numéro_de_compte(String string, String string2) {&#10;    // Write code here that turns the phrase above into concrete actions&#10;    throw new io.cucumber.java.PendingException();&#10;}&#10;@Then(&quot;le système lit le numéro de compte {string}&quot;)&#10;public void le_système_lit_le_numéro_de_compte(String string) {&#10;    // Write code here that turns the phrase above into concrete actions&#10;    throw new io.cucumber.java.PendingException();&#10;}&#10;@Then(&quot;l&apos;extrait du fichier&quot;)&#10;public void l_extrait_du_fichier() {&#10;    // Write code here that turns the phrase above into concrete actions&#10;    throw new io.cucumber.java.PendingException();&#10;}&#10;" type="io.cucumber.junit.platform.engine.UndefinedStepException"><![CDATA[io.cucumber.junit.platform.engine.UndefinedStepException: 
The step 'les fichiers suivants sont disponibles dans le répertoire d'entrée' and 5 other step(s) are undefined.
You can implement these steps using the snippet(s) below:

@Given("les fichiers suivants sont disponibles dans le répertoire d'entrée")
public void les_fichiers_suivants_sont_disponibles_dans_le_répertoire_d_entrée(io.cucumber.datatable.DataTable dataTable) {
    // Write code here that turns the phrase above into concrete actions
    // For automatic transformation, change DataTable to one of
    // E, List<E>, List<List<E>>, List<Map<K,V>>, Map<K,V> or
    // Map<K, List<V>>. E,K,V must be a String, Integer, Float,
    // Double, Byte, Short, Long, BigInteger or BigDecimal.
    //
    // For other transformations you can register a DataTableType.
    throw new io.cucumber.java.PendingException();
}
@Given("Données disponibles dans la base de Données")
public void données_disponibles_dans_la_base_de_données(io.cucumber.datatable.DataTable dataTable) {
    // Write code here that turns the phrase above into concrete actions
    // For automatic transformation, change DataTable to one of
    // E, List<E>, List<List<E>>, List<Map<K,V>>, Map<K,V> or
    // Map<K, List<V>>. E,K,V must be a String, Integer, Float,
    // Double, Byte, Short, Long, BigInteger or BigDecimal.
    //
    // For other transformations you can register a DataTableType.
    throw new io.cucumber.java.PendingException();
}
@Given("Le fichier {string} se trouve dans le répertoire d'entrée")
public void le_fichier_se_trouve_dans_le_répertoire_d_entrée(String string) {
    // Write code here that turns the phrase above into concrete actions
    throw new io.cucumber.java.PendingException();
}
@When("le système ouvre le fichier {string} valide contenant le numéro de compte {string}")
public void le_système_ouvre_le_fichier_valide_contenant_le_numéro_de_compte(String string, String string2) {
    // Write code here that turns the phrase above into concrete actions
    throw new io.cucumber.java.PendingException();
}
@Then("le système lit le numéro de compte {string}")
public void le_système_lit_le_numéro_de_compte(String string) {
    // Write code here that turns the phrase above into concrete actions
    throw new io.cucumber.java.PendingException();
}
@Then("l'extrait du fichier")
public void l_extrait_du_fichier() {
    // Write code here that turns the phrase above into concrete actions
    throw new io.cucumber.java.PendingException();
}

	at ✽.les fichiers suivants sont disponibles dans le répertoire d'entrée(classpath:hellocucumber/bdd/agregationDesDonnees.feature:7)
]]></error>
    <system-out><![CDATA[
&amp#27;[1mScenario Outline:&amp#27;[22m Récupération du numéro de compte                                                                                                                                        &amp#27;[90m# classpath:hellocucumber/bdd/agregationDesDonnees.feature:75&amp#27;[39m
  &amp#27;[33m■&amp#27;[39m &amp#27;[33m&amp#27;[1mGiven &amp#27;[22mles fichiers suivants sont disponibles dans le répertoire d'entrée&amp#27;[39m
      | fichier                                                                                       |
      | src/test/resources/hellocucumber/fichier/CA20250820_115728.csv                                |
      | src/test/resources/hellocucumber/fichier/T_cpte_00737_691594V_du_22-05-2025_au_19-08-2025.csv |
      | src/test/resources/hellocucumber/fichier/T_cpte_01047_058113K_du_22-05-2025_au_19-08-2025.csv |
      | src/test/resources/hellocucumber/fichier/T_cpte_01049_911662L_du_22-05-2025_au_19-08-2025.csv |
  &amp#27;[36m↷&amp#27;[39m &amp#27;[36m&amp#27;[1mAnd &amp#27;[22mDonnées disponibles dans la base de Données&amp#27;[39m
      | id | comment           | title                     | type  | bank_id |
      | 1  | cpt courent       | CCHQ (X1797)              | depot | 2       |
      | 2  | cpt courent       | Compte de dépôts (X1594V) | depot | 3       |
      | 3  | cpt courent femme | compte de depot (X8113K)  | depot | 4       |
      | 4  | cpt pro me lcl    | Compte Courant (x1662L)   | depot | 5       |
  &amp#27;[36m↷&amp#27;[39m &amp#27;[36m&amp#27;[1mGiven &amp#27;[22mLe fichier "src/test/resources/hellocucumber/fichier/T_cpte_00737_691594V_du_22-05-2025_au_19-08-2025.csv" se trouve dans le répertoire d'entrée&amp#27;[39m
  &amp#27;[36m↷&amp#27;[39m &amp#27;[36m&amp#27;[1mWhen &amp#27;[22mle système ouvre le fichier "src/test/resources/hellocucumber/fichier/T_cpte_00737_691594V_du_22-05-2025_au_19-08-2025.csv" valide contenant le numéro de compte "01047 058113K"&amp#27;[39m
  &amp#27;[36m↷&amp#27;[39m &amp#27;[36m&amp#27;[1mThen &amp#27;[22mle système lit le numéro de compte "01047 058113K"&amp#27;[39m
  &amp#27;[36m↷&amp#27;[39m &amp#27;[36m&amp#27;[1mAnd &amp#27;[22ml'extrait du fichier&amp#27;[39m
]]></system-out>
  </testcase>
  <testcase name="agregation des données dans la table budget - Récupération du numéro de compte - Examples - Example #1.3" classname="RunCucumberTest" time="0.018">
    <error message="The step &apos;les fichiers suivants sont disponibles dans le répertoire d&apos;entrée&apos; and 5 other step(s) are undefined.&#10;You can implement these steps using the snippet(s) below:&#10;&#10;@Given(&quot;les fichiers suivants sont disponibles dans le répertoire d&apos;entrée&quot;)&#10;public void les_fichiers_suivants_sont_disponibles_dans_le_répertoire_d_entrée(io.cucumber.datatable.DataTable dataTable) {&#10;    // Write code here that turns the phrase above into concrete actions&#10;    // For automatic transformation, change DataTable to one of&#10;    // E, List&lt;E&gt;, List&lt;List&lt;E&gt;&gt;, List&lt;Map&lt;K,V&gt;&gt;, Map&lt;K,V&gt; or&#10;    // Map&lt;K, List&lt;V&gt;&gt;. E,K,V must be a String, Integer, Float,&#10;    // Double, Byte, Short, Long, BigInteger or BigDecimal.&#10;    //&#10;    // For other transformations you can register a DataTableType.&#10;    throw new io.cucumber.java.PendingException();&#10;}&#10;@Given(&quot;Données disponibles dans la base de Données&quot;)&#10;public void données_disponibles_dans_la_base_de_données(io.cucumber.datatable.DataTable dataTable) {&#10;    // Write code here that turns the phrase above into concrete actions&#10;    // For automatic transformation, change DataTable to one of&#10;    // E, List&lt;E&gt;, List&lt;List&lt;E&gt;&gt;, List&lt;Map&lt;K,V&gt;&gt;, Map&lt;K,V&gt; or&#10;    // Map&lt;K, List&lt;V&gt;&gt;. E,K,V must be a String, Integer, Float,&#10;    // Double, Byte, Short, Long, BigInteger or BigDecimal.&#10;    //&#10;    // For other transformations you can register a DataTableType.&#10;    throw new io.cucumber.java.PendingException();&#10;}&#10;@Given(&quot;Le fichier {string} se trouve dans le répertoire d&apos;entrée&quot;)&#10;public void le_fichier_se_trouve_dans_le_répertoire_d_entrée(String string) {&#10;    // Write code here that turns the phrase above into concrete actions&#10;    throw new io.cucumber.java.PendingException();&#10;}&#10;@When(&quot;le système ouvre le fichier {string} valide contenant le numéro de compte {string}&quot;)&#10;public void le_système_ouvre_le_fichier_valide_contenant_le_numéro_de_compte(String string, String string2) {&#10;    // Write code here that turns the phrase above into concrete actions&#10;    throw new io.cucumber.java.PendingException();&#10;}&#10;@Then(&quot;le système lit le numéro de compte {string}&quot;)&#10;public void le_système_lit_le_numéro_de_compte(String string) {&#10;    // Write code here that turns the phrase above into concrete actions&#10;    throw new io.cucumber.java.PendingException();&#10;}&#10;@Then(&quot;l&apos;extrait du fichier&quot;)&#10;public void l_extrait_du_fichier() {&#10;    // Write code here that turns the phrase above into concrete actions&#10;    throw new io.cucumber.java.PendingException();&#10;}&#10;" type="io.cucumber.junit.platform.engine.UndefinedStepException"><![CDATA[io.cucumber.junit.platform.engine.UndefinedStepException: 
The step 'les fichiers suivants sont disponibles dans le répertoire d'entrée' and 5 other step(s) are undefined.
You can implement these steps using the snippet(s) below:

@Given("les fichiers suivants sont disponibles dans le répertoire d'entrée")
public void les_fichiers_suivants_sont_disponibles_dans_le_répertoire_d_entrée(io.cucumber.datatable.DataTable dataTable) {
    // Write code here that turns the phrase above into concrete actions
    // For automatic transformation, change DataTable to one of
    // E, List<E>, List<List<E>>, List<Map<K,V>>, Map<K,V> or
    // Map<K, List<V>>. E,K,V must be a String, Integer, Float,
    // Double, Byte, Short, Long, BigInteger or BigDecimal.
    //
    // For other transformations you can register a DataTableType.
    throw new io.cucumber.java.PendingException();
}
@Given("Données disponibles dans la base de Données")
public void données_disponibles_dans_la_base_de_données(io.cucumber.datatable.DataTable dataTable) {
    // Write code here that turns the phrase above into concrete actions
    // For automatic transformation, change DataTable to one of
    // E, List<E>, List<List<E>>, List<Map<K,V>>, Map<K,V> or
    // Map<K, List<V>>. E,K,V must be a String, Integer, Float,
    // Double, Byte, Short, Long, BigInteger or BigDecimal.
    //
    // For other transformations you can register a DataTableType.
    throw new io.cucumber.java.PendingException();
}
@Given("Le fichier {string} se trouve dans le répertoire d'entrée")
public void le_fichier_se_trouve_dans_le_répertoire_d_entrée(String string) {
    // Write code here that turns the phrase above into concrete actions
    throw new io.cucumber.java.PendingException();
}
@When("le système ouvre le fichier {string} valide contenant le numéro de compte {string}")
public void le_système_ouvre_le_fichier_valide_contenant_le_numéro_de_compte(String string, String string2) {
    // Write code here that turns the phrase above into concrete actions
    throw new io.cucumber.java.PendingException();
}
@Then("le système lit le numéro de compte {string}")
public void le_système_lit_le_numéro_de_compte(String string) {
    // Write code here that turns the phrase above into concrete actions
    throw new io.cucumber.java.PendingException();
}
@Then("l'extrait du fichier")
public void l_extrait_du_fichier() {
    // Write code here that turns the phrase above into concrete actions
    throw new io.cucumber.java.PendingException();
}

	at ✽.les fichiers suivants sont disponibles dans le répertoire d'entrée(classpath:hellocucumber/bdd/agregationDesDonnees.feature:7)
]]></error>
    <system-out><![CDATA[
&amp#27;[1mScenario Outline:&amp#27;[22m Récupération du numéro de compte                                                                                                                                        &amp#27;[90m# classpath:hellocucumber/bdd/agregationDesDonnees.feature:76&amp#27;[39m
  &amp#27;[33m■&amp#27;[39m &amp#27;[33m&amp#27;[1mGiven &amp#27;[22mles fichiers suivants sont disponibles dans le répertoire d'entrée&amp#27;[39m
      | fichier                                                                                       |
      | src/test/resources/hellocucumber/fichier/CA20250820_115728.csv                                |
      | src/test/resources/hellocucumber/fichier/T_cpte_00737_691594V_du_22-05-2025_au_19-08-2025.csv |
      | src/test/resources/hellocucumber/fichier/T_cpte_01047_058113K_du_22-05-2025_au_19-08-2025.csv |
[...]
    //
    // For other transformations you can register a DataTableType.
    throw new io.cucumber.java.PendingException();
}
@Given("le repertoire {string} correctement ouvert")
public void le_repertoire_correctement_ouvert(String string) {
    // Write code here that turns the phrase above into concrete actions
    throw new io.cucumber.java.PendingException();
}
@Given("dont la structure a été correctement identifiée et les numéros de {string}  et l'id  {string} de la banque ont été correctement recupérés")
public void dont_la_structure_a_été_correctement_identifiée_et_les_numéros_de_et_l_id_de_la_banque_ont_été_correctement_recupérés(String string, String string2) {
    // Write code here that turns the phrase above into concrete actions
    throw new io.cucumber.java.PendingException();
}
@When("je lance l'agregation des données d'une transaction du fichier {string} qui existent déja dans la table Budget")
public void je_lance_l_agregation_des_données_d_une_transaction_du_fichier_qui_existent_déja_dans_la_table_budget(String string) {
    // Write code here that turns the phrase above into concrete actions
    throw new io.cucumber.java.PendingException();
}
@Then("le programme lui retournera un message d'erreur de la forme {string}")
public void le_programme_lui_retournera_un_message_d_erreur_de_la_forme(String string) {
    // Write code here that turns the phrase above into concrete actions
    throw new io.cucumber.java.PendingException();
}
@Then("la table budget contiendra les données qui existaient déjà en BD en plus  des nouvelles données de la nouvelle transaction avec redonce")
public void la_table_budget_contiendra_les_données_qui_existaient_déjà_en_bd_en_plus_des_nouvelles_données_de_la_nouvelle_transaction_avec_redonce() {
    // Write code here that turns the phrase above into concrete actions
    throw new io.cucumber.java.PendingException();
}

	at ✽.les fichiers suivants sont disponibles dans le répertoire d'entrée(classpath:hellocucumber/bdd/agregationDesDonnees.feature:7)
]]></error>
    <system-out><![CDATA[
&amp#27;[1mScenario:&amp#27;[22m agregation des données d'une transaction issue d'un fichier conforme et qui existe en base de données                                        &amp#27;[90m# classpath:hellocucumber/bdd/agregationDesDonnees.feature:146&amp#27;[39m
  &amp#27;[33m■&amp#27;[39m &amp#27;[33m&amp#27;[1mGiven &amp#27;[22mles fichiers suivants sont disponibles dans le répertoire d'entrée&amp#27;[39m
      | fichier                                                                                       |
      | src/test/resources/hellocucumber/fichier/CA20250820_115728.csv                                |
      | src/test/resources/hellocucumber/fichier/T_cpte_00737_691594V_du_22-05-2025_au_19-08-2025.csv |
      | src/test/resources/hellocucumber/fichier/T_cpte_01047_058113K_du_22-05-2025_au_19-08-2025.csv |
      | src/test/resources/hellocucumber/fichier/T_cpte_01049_911662L_du_22-05-2025_au_19-08-2025.csv |
  &amp#27;[36m↷&amp#27;[39m &amp#27;[36m&amp#27;[1mAnd &amp#27;[22mDonnées disponibles dans la base de Données&amp#27;[39m
      | id | comment           | title                     | type  | bank_id |
      | 1  | cpt courent       | CCHQ (X1797)              | depot | 2       |
      | 2  | cpt courent       | Compte de dépôts (X1594V) | depot | 3       |
      | 3  | cpt courent femme | compte de depot (X8113K)  | depot | 4       |
      | 4  | cpt pro me lcl    | Compte Courant (x1662L)   | depot | 5       |
  &amp#27;[36m↷&amp#27;[39m &amp#27;[36m&amp#27;[1mGiven &amp#27;[22mle repertoire "src/test/resources/com/comptabilitytest/fichier" correctement ouvert&amp#27;[39m
  &amp#27;[36m↷&amp#27;[39m &amp#27;[36m&amp#27;[1mAnd &amp#27;[22mdont la structure a été correctement identifiée et les numéros de "compte"  et l'id  "bank" de la banque ont été correctement recupérés&amp#27;[39m
  &amp#27;[36m↷&amp#27;[39m &amp#27;[36m&amp#27;[1mWhen &amp#27;[22mje lance l'agregation des données d'une transaction du fichier "fichier" qui existent déja dans la table Budget&amp#27;[39m
  &amp#27;[36m↷&amp#27;[39m &amp#27;[36m&amp#27;[1mThen &amp#27;[22mle programme lui retournera un message d'erreur de la forme "les données de cette transaction existent en BD, voulez-vous copier qaund même?"&amp#27;[39m
  &amp#27;[36m↷&amp#27;[39m &amp#27;[36m&amp#27;[1mAnd &amp#27;[22mla table budget contiendra les données qui existaient déjà en BD en plus  des nouvelles données de la nouvelle transaction avec redonce&amp#27;[39m
]]></system-out>
  </testcase>
  <testcase name="agregation des données dans la table budget - Fermeture d’un fichier  selon son état - Examples - Example #1.1" classname="RunCucumberTest" time="0.014">
    <error message="The step &apos;les fichiers suivants sont disponibles dans le répertoire d&apos;entrée&apos; and 4 other step(s) are undefined.&#10;You can implement these steps using the snippet(s) below:&#10;&#10;@Given(&quot;les fichiers suivants sont disponibles dans le répertoire d&apos;entrée&quot;)&#10;public void les_fichiers_suivants_sont_disponibles_dans_le_répertoire_d_entrée(io.cucumber.datatable.DataTable dataTable) {&#10;    // Write code here that turns the phrase above into concrete actions&#10;    // For automatic transformation, change DataTable to one of&#10;    // E, List&lt;E&gt;, List&lt;List&lt;E&gt;&gt;, List&lt;Map&lt;K,V&gt;&gt;, Map&lt;K,V&gt; or&#10;    // Map&lt;K, List&lt;V&gt;&gt;. E,K,V must be a String, Integer, Float,&#10;    // Double, Byte, Short, Long, BigInteger or BigDecimal.&#10;    //&#10;    // For other transformations you can register a DataTableType.&#10;    throw new io.cucumber.java.PendingException();&#10;}&#10;@Given(&quot;Données disponibles dans la base de Données&quot;)&#10;public void données_disponibles_dans_la_base_de_données(io.cucumber.datatable.DataTable dataTable) {&#10;    // Write code here that turns the phrase above into concrete actions&#10;    // For automatic transformation, change DataTable to one of&#10;    // E, List&lt;E&gt;, List&lt;List&lt;E&gt;&gt;, List&lt;Map&lt;K,V&gt;&gt;, Map&lt;K,V&gt; or&#10;    // Map&lt;K, List&lt;V&gt;&gt;. E,K,V must be a String, Integer, Float,&#10;    // Double, Byte, Short, Long, BigInteger or BigDecimal.&#10;    //&#10;    // For other transformations you can register a DataTableType.&#10;    throw new io.cucumber.java.PendingException();&#10;}&#10;@Given(&quot;Le fichier avec le chemin {string} donc est {string}&quot;)&#10;public void le_fichier_avec_le_chemin_donc_est(String string, String string2) {&#10;    // Write code here that turns the phrase above into concrete actions&#10;    throw new io.cucumber.java.PendingException();&#10;}&#10;@When(&quot;Je tente de fermer le fichier donc l&apos;etat est {string}&quot;)&#10;public void je_tente_de_fermer_le_fichier_donc_l_etat_est(String string) {&#10;    // Write code here that turns the phrase above into concrete actions&#10;    throw new io.cucumber.java.PendingException();&#10;}&#10;@Then(&quot;Le système doit afficher {string}&quot;)&#10;public void le_système_doit_afficher(String string) {&#10;    // Write code here that turns the phrase above into concrete actions&#10;    throw new io.cucumber.java.PendingException();&#10;}&#10;" type="io.cucumber.junit.platform.engine.UndefinedStepException"><![CDATA[io.cucumber.junit.platform.engine.UndefinedStepException: 
The step 'les fichiers suivants sont disponibles dans le répertoire d'entrée' and 4 other step(s) are undefined.
You can implement these steps using the snippet(s) below:

@Given("les fichiers suivants sont disponibles dans le répertoire d'entrée")
public void les_fichiers_suivants_sont_disponibles_dans_le_répertoire_d_entrée(io.cucumber.datatable.DataTable dataTable) {
    // Write code here that turns the phrase above into concrete actions
    // For automatic transformation, change DataTable to one of
    // E, List<E>, List<List<E>>, List<Map<K,V>>, Map<K,V> or
    // Map<K, List<V>>. E,K,V must be a String, Integer, Float,
    // Double, Byte, Short, Long, BigInteger or BigDecimal.
    //
    // For other transformations you can register a DataTableType.
    throw new io.cucumber.java.PendingException();
}
@Given("Données disponibles dans la base de Données")
public void données_disponibles_dans_la_base_de_données(io.cucumber.datatable.DataTable dataTable) {
    // Write code here that turns the phrase above into concrete actions
    // For automatic transformation, change DataTable to one of
    // E, List<E>, List<List<E>>, List<Map<K,V>>, Map<K,V> or
    // Map<K, List<V>>. E,K,V must be a String, Integer, Float,
    // Double, Byte, Short, Long, BigInteger or BigDecimal.
    //
    // For other transformations you can register a DataTableType.
    throw new io.cucumber.java.PendingException();
}
@Given("Le fichier avec le chemin {string} donc est {string}")
public void le_fichier_avec_le_chemin_donc_est(String string, String string2) {
    // Write code here that turns the phrase above into concrete actions
    throw new io.cucumber.java.PendingException();
}
@When("Je tente de fermer le fichier donc l'etat est {string}")
public void je_tente_de_fermer_le_fichier_donc_l_etat_est(String string) {
    // Write code here that turns the phrase above into concrete actions
    throw new io.cucumber.java.PendingException();
}
@Then("Le système doit afficher {string}")
public void le_système_doit_afficher(String string) {
    // Write code here that turns the phrase above into concrete actions
    throw new io.cucumber.java.PendingException();
}

	at ✽.les fichiers suivants sont disponibles dans le répertoire d'entrée(classpath:hellocucumber/bdd/agregationDesDonnees.feature:7)
]]></error>
    <system-out><![CDATA[
&amp#27;[1mScenario Outline:&amp#27;[22m Fermeture d’un fichier  selon son état                                                                &amp#27;[90m# classpath:hellocucumber/bdd/agregationDesDonnees.feature:161&amp#27;[39m
  &amp#27;[33m■&amp#27;[39m &amp#27;[33m&amp#27;[1mGiven &amp#27;[22mles fichiers suivants sont disponibles dans le répertoire d'entrée&amp#27;[39m
      | fichier                                                                                       |
      | src/test/resources/hellocucumber/fichier/CA20250820_115728.csv                                |
      | src/test/resources/hellocucumber/fichier/T_cpte_00737_691594V_du_22-05-2025_au_19-08-2025.csv |
      | src/test/resources/hellocucumber/fichier/T_cpte_01047_058113K_du_22-05-2025_au_19-08-2025.csv |
      | src/test/resources/hellocucumber/fichier/T_cpte_01049_911662L_du_22-05-2025_au_19-08-2025.csv |
  &amp#27;[36m↷&amp#27;[39m &amp#27;[36m&amp#27;[1mAnd &amp#27;[22mDonnées disponibles dans la base de Données&amp#27;[39m
      | id | comment           | title                     | type  | bank_id |
      | 1  | cpt courent       | CCHQ (X1797)              | depot | 2       |
      | 2  | cpt courent       | Compte de dépôts (X1594V) | depot | 3       |
      | 3  | cpt courent femme | compte de depot (X8113K)  | depot | 4       |
      | 4  | cpt pro me lcl    | Compte Courant (x1662L)   | depot | 5       |
  &amp#27;[36m↷&amp#27;[39m &amp#27;[36m&amp#27;[1mGiven &amp#27;[22mLe fichier avec le chemin "src/test/resources/hellocucumber/fichier/CA20250820_115728.csv" donc est "ouverts"&amp#27;[39m
  &amp#27;[36m↷&amp#27;[39m &amp#27;[36m&amp#27;[1mWhen &amp#27;[22mJe tente de fermer le fichier donc l'etat est "ouverts"&amp#27;[39m
  &amp#27;[36m↷&amp#27;[39m &amp#27;[36m&amp#27;[1mThen &amp#27;[22mLe système doit afficher "le fichier doit être fermé sans probleme"&amp#27;[39m
]]></system-out>
  </testcase>
  <testcase name="agregation des données dans la table budget - Fermeture d’un fichier  selon son état - Examples - Example #1.2" classname="RunCucumberTest" time="0.011">
    <error message="The step &apos;les fichiers suivants sont disponibles dans le répertoire d&apos;entrée&apos; and 4 other step(s) are undefined.&#10;You can implement these steps using the snippet(s) below:&#10;&#10;@Given(&quot;les fichiers suivants sont disponibles dans le répertoire d&apos;entrée&quot;)&#10;public void les_fichiers_suivants_sont_disponibles_dans_le_répertoire_d_entrée(io.cucumber.datatable.DataTable dataTable) {&#10;    // Write code here that turns the phrase above into concrete actions&#10;    // For automatic transformation, change DataTable to one of&#10;    // E, List&lt;E&gt;, List&lt;List&lt;E&gt;&gt;, List&lt;Map&lt;K,V&gt;&gt;, Map&lt;K,V&gt; or&#10;    // Map&lt;K, List&lt;V&gt;&gt;. E,K,V must be a String, Integer, Float,&#10;    // Double, Byte, Short, Long, BigInteger or BigDecimal.&#10;    //&#10;    // For other transformations you can register a DataTableType.&#10;    throw new io.cucumber.java.PendingException();&#10;}&#10;@Given(&quot;Données disponibles dans la base de Données&quot;)&#10;public void données_disponibles_dans_la_base_de_données(io.cucumber.datatable.DataTable dataTable) {&#10;    // Write code here that turns the phrase above into concrete actions&#10;    // For automatic transformation, change DataTable to one of&#10;    // E, List&lt;E&gt;, List&lt;List&lt;E&gt;&gt;, List&lt;Map&lt;K,V&gt;&gt;, Map&lt;K,V&gt; or&#10;    // Map&lt;K, List&lt;V&gt;&gt;. E,K,V must be a String, Integer, Float,&#10;    // Double, Byte, Short, Long, BigInteger or BigDecimal.&#10;    //&#10;    // For other transformations you can register a DataTableType.&#10;    throw new io.cucumber.java.PendingException();&#10;}&#10;@Given(&quot;Le fichier avec le chemin {string} donc est {string}&quot;)&#10;public void le_fichier_avec_le_chemin_donc_est(String string, String string2) {&#10;    // Write code here that turns the phrase above into concrete actions&#10;    throw new io.cucumber.java.PendingException();&#10;}&#10;@When(&quot;Je tente de fermer le fichier donc l&apos;etat est {string}&quot;)&#10;public void je_tente_de_fermer_le_fichier_donc_l_etat_est(String string) {&#10;    // Write code here that turns the phrase above into concrete actions&#10;    throw new io.cucumber.java.PendingException();&#10;}&#10;@Then(&quot;Le système doit afficher \&quot;une erreur \&quot;fichier déjà fermé\&quot; doit être remontée\&quot;&quot;)&#10;public void le_système_doit_afficher_une_erreur_fichier_déjà_fermé_doit_être_remontée() {&#10;    // Write code here that turns the phrase above into concrete actions&#10;    throw new io.cucumber.java.PendingException();&#10;}&#10;" type="io.cucumber.junit.platform.engine.UndefinedStepException"><![CDATA[io.cucumber.junit.platform.engine.UndefinedStepException: 
The step 'les fichiers suivants sont disponibles dans le répertoire d'entrée' and 4 other step(s) are undefined.
You can implement these steps using the snippet(s) below:

@Given("les fichiers suivants sont disponibles dans le répertoire d'entrée")
public void les_fichiers_suivants_sont_disponibles_dans_le_répertoire_d_entrée(io.cucumber.datatable.DataTable dataTable) {
    // Write code here that turns the phrase above into concrete actions
    // For automatic transformation, change DataTable to one of
    // E, List<E>, List<List<E>>, List<Map<K,V>>, Map<K,V> or
    // Map<K, List<V>>. E,K,V must be a String, Integer, Float,
    // Double, Byte, Short, Long, BigInteger or BigDecimal.
    //
    // For other transformations you can register a DataTableType.
    throw new io.cucumber.java.PendingException();
}
@Given("Données disponibles dans la base de Données")
public void données_disponibles_dans_la_base_de_données(io.cucumber.datatable.DataTable dataTable) {
    // Write code here that turns the phrase above into concrete actions
    // For automatic transformation, change DataTable to one of
    // E, List<E>, List<List<E>>, List<Map<K,V>>, Map<K,V> or
    // Map<K, List<V>>. E,K,V must be a String, Integer, Float,
    // Double, Byte, Short, Long, BigInteger or BigDecimal.
    //
    // For other transformations you can register a DataTableType.
    throw new io.cucumber.java.PendingException();
}
@Given("Le fichier avec le chemin {string} donc est {string}")
public void le_fichier_avec_le_chemin_donc_est(String string, String string2) {
    // Write code here that turns the phrase above into concrete actions
    throw new io.cucumber.java.PendingException();
}
@When("Je tente de fermer le fichier donc l'etat est {string}")
public void je_tente_de_fermer_le_fichier_donc_l_etat_est(String string) {
    // Write code here that turns the phrase above into concrete actions
    throw new io.cucumber.java.PendingException();
}
@Then("Le système doit afficher \"une erreur \"fichier déjà fermé\" doit être remontée\"")
public void le_système_doit_afficher_une_erreur_fichier_déjà_fermé_doit_être_remontée() {
    // Write code here that turns the phrase above into concrete actions
    throw new io.cucumber.java.PendingException();
}

	at ✽.les fichiers suivants sont disponibles dans le répertoire d'entrée(classpath:hellocucumber/bdd/agregationDesDonnees.feature:7)
]]></error>
    <system-out><![CDATA[
&amp#27;[1mScenario Outline:&amp#27;[22m Fermeture d’un fichier  selon son état                                                                                                  &amp#27;[90m# classpath:hellocucumber/bdd/agregationDesDonnees.feature:162&amp#27;[39m
  &amp#27;[33m■&amp#27;[39m &amp#27;[33m&amp#27;[1mGiven &amp#27;[22mles fichiers suivants sont disponibles dans le répertoire d'entrée&amp#27;[39m
      | fichier                                                                                       |
      | src/test/resources/hellocucumber/fichier/CA20250820_115728.csv                                |
      | src/test/resources/hellocucumber/fichier/T_cpte_00737_691594V_du_22-05-2025_au_19-08-2025.csv |
      | src/test/resources/hellocucumber/fichier/T_cpte_01047_058113K_du_22-05-2025_au_19-08-2025.csv |
      | src/test/resources/hellocucumber/fichier/T_cpte_01049_911662L_du_22-05-2025_au_19-08-2025.csv |
  &amp#27;[36m↷&amp#27;[39m &amp#27;[36m&amp#27;[1mAnd &amp#27;[22mDonnées disponibles dans la base de Données&amp#27;[39m
      | id | comment           | title                     | type  | bank_id |
      | 1  | cpt courent       | CCHQ (X1797)              | depot | 2       |
      | 2  | cpt courent       | Compte de dépôts (X1594V) | depot | 3       |
      | 3  | cpt courent femme | compte de depot (X8113K)  | depot | 4       |
      | 4  | cpt pro me lcl    | Compte Courant (x1662L)   | depot | 5       |
  &amp#27;[36m↷&amp#27;[39m &amp#27;[36m&amp#27;[1mGiven &amp#27;[22mLe fichier avec le chemin "src/test/resources/hellocucumber/fichier/T_cpte_00737_691594V_du_22-05-2025_au_19-08-2025.csv" donc est "déjà fermé"&amp#27;[39m
  &amp#27;[36m↷&amp#27;[39m &amp#27;[36m&amp#27;[1mWhen &amp#27;[22mJe tente de fermer le fichier donc l'etat est "déjà fermé"&amp#27;[39m
  &amp#27;[36m↷&amp#27;[39m &amp#27;[36m&amp#27;[1mThen &amp#27;[22mLe système doit afficher "une erreur "fichier déjà fermé" doit être remontée"&amp#27;[39m
]]></system-out>
  </testcase>
  <testcase name="An example - The example" classname="RunCucumberTest" time="0.012">
    <system-out><![CDATA[
&amp#27;[1mScenario:&amp#27;[22m The example                         &amp#27;[90m# classpath:hellocucumber/bdd/example.feature:3&amp#27;[39m
  &amp#27;[32m✔&amp#27;[39m &amp#27;[32m&amp#27;[1mGiven &amp#27;[22man example scenario&amp#27;[39m                 &amp#27;[90m# hellocucumber.StepDefinitions.anExampleScenario()&amp#27;[39m
  &amp#27;[32m✔&amp#27;[39m &amp#27;[32m&amp#27;[1mWhen &amp#27;[22mall step definitions are implemented&amp#27;[39m &amp#27;[90m# hellocucumber.StepDefinitions.allStepDefinitionsAreImplemented()&amp#27;[39m
  &amp#27;[32m✔&amp#27;[39m &amp#27;[32m&amp#27;[1mThen &amp#27;[22mthe scenario passes&amp#27;[39m                  &amp#27;[90m# hellocucumber.StepDefinitions.theScenarioPasses()&amp#27;[39m
]]></system-out>
  </testcase>
</testsuite>